TN:
SF:src\middleware\auth.js
FN:5,(anonymous_0)
FN:62,(anonymous_1)
FN:63,(anonymous_2)
FN:88,(anonymous_3)
FN:89,(anonymous_4)
FNF:5
FNH:0
FNDA:0,(anonymous_0)
FNDA:0,(anonymous_1)
FNDA:0,(anonymous_2)
FNDA:0,(anonymous_3)
FNDA:0,(anonymous_4)
DA:1,0
DA:2,0
DA:5,0
DA:6,0
DA:7,0
DA:8,0
DA:10,0
DA:11,0
DA:17,0
DA:18,0
DA:20,0
DA:21,0
DA:27,0
DA:28,0
DA:35,0
DA:36,0
DA:37,0
DA:39,0
DA:40,0
DA:46,0
DA:47,0
DA:53,0
DA:54,0
DA:62,0
DA:63,0
DA:64,0
DA:65,0
DA:71,0
DA:72,0
DA:76,0
DA:77,0
DA:83,0
DA:88,0
DA:89,0
DA:90,0
DA:91,0
DA:97,0
DA:98,0
DA:99,0
DA:105,0
DA:109,0
LF:41
LH:0
BRDA:8,0,0,0
BRDA:8,0,1,0
BRDA:10,1,0,0
BRDA:10,1,1,0
BRDA:20,2,0,0
BRDA:20,2,1,0
BRDA:27,3,0,0
BRDA:27,3,1,0
BRDA:39,4,0,0
BRDA:39,4,1,0
BRDA:46,5,0,0
BRDA:46,5,1,0
BRDA:64,6,0,0
BRDA:64,6,1,0
BRDA:72,7,0,0
BRDA:72,7,1,0
BRDA:74,8,0,0
BRDA:74,8,1,0
BRDA:76,9,0,0
BRDA:76,9,1,0
BRDA:90,10,0,0
BRDA:90,10,1,0
BRDA:97,11,0,0
BRDA:97,11,1,0
BRDA:98,12,0,0
BRDA:98,12,1,0
BRF:26
BRH:0
end_of_record
TN:
SF:src\middleware\upload.js
FN:13,(anonymous_0)
FN:16,(anonymous_1)
FN:25,(anonymous_2)
FN:46,(anonymous_3)
FN:47,(anonymous_4)
FN:50,(anonymous_5)
FN:81,(anonymous_6)
FN:92,(anonymous_7)
FNF:8
FNH:0
FNDA:0,(anonymous_0)
FNDA:0,(anonymous_1)
FNDA:0,(anonymous_2)
FNDA:0,(anonymous_3)
FNDA:0,(anonymous_4)
FNDA:0,(anonymous_5)
FNDA:0,(anonymous_6)
FNDA:0,(anonymous_7)
DA:1,0
DA:2,0
DA:3,0
DA:6,0
DA:7,0
DA:8,0
DA:12,0
DA:14,0
DA:18,0
DA:19,0
DA:20,0
DA:25,0
DA:26,0
DA:28,0
DA:29,0
DA:31,0
DA:36,0
DA:46,0
DA:47,0
DA:48,0
DA:50,0
DA:51,0
DA:52,0
DA:53,0
DA:58,0
DA:59,0
DA:64,0
DA:68,0
DA:69,0
DA:75,0
DA:81,0
DA:82,0
DA:83,0
DA:84,0
DA:87,0
DA:92,0
DA:93,0
DA:94,0
DA:95,0
DA:98,0
LF:40
LH:0
BRDA:7,0,0,0
BRDA:7,0,1,0
BRDA:28,1,0,0
BRDA:28,1,1,0
BRDA:46,2,0,0
BRDA:51,3,0,0
BRDA:51,3,1,0
BRDA:52,4,0,0
BRDA:52,4,1,0
BRDA:58,5,0,0
BRDA:58,5,1,0
BRDA:68,6,0,0
BRDA:68,6,1,0
BRDA:83,7,0,0
BRDA:83,7,1,0
BRF:15
BRH:0
end_of_record
TN:
SF:src\models\Location.js
FN:9,(anonymous_0)
FN:38,(anonymous_1)
FN:70,(anonymous_2)
FN:84,(anonymous_3)
FN:116,(anonymous_4)
FN:122,(anonymous_5)
FN:171,(anonymous_6)
FN:193,(anonymous_7)
FN:215,(anonymous_8)
FN:236,(anonymous_9)
FN:257,(anonymous_10)
FN:264,(anonymous_11)
FN:272,(anonymous_12)
FNF:13
FNH:0
FNDA:0,(anonymous_0)
FNDA:0,(anonymous_1)
FNDA:0,(anonymous_2)
FNDA:0,(anonymous_3)
FNDA:0,(anonymous_4)
FNDA:0,(anonymous_5)
FNDA:0,(anonymous_6)
FNDA:0,(anonymous_7)
FNDA:0,(anonymous_8)
FNDA:0,(anonymous_9)
FNDA:0,(anonymous_10)
FNDA:0,(anonymous_11)
FNDA:0,(anonymous_12)
DA:6,0
DA:10,0
DA:11,0
DA:12,0
DA:13,0
DA:14,0
DA:15,0
DA:16,0
DA:17,0
DA:18,0
DA:19,0
DA:20,0
DA:21,0
DA:22,0
DA:23,0
DA:24,0
DA:25,0
DA:26,0
DA:27,0
DA:28,0
DA:29,0
DA:30,0
DA:31,0
DA:32,0
DA:44,0
DA:46,0
DA:56,0
DA:63,0
DA:64,0
DA:71,0
DA:72,0
DA:74,0
DA:75,0
DA:78,0
DA:85,0
DA:86,0
DA:87,0
DA:89,0
DA:90,0
DA:91,0
DA:92,0
DA:95,0
DA:96,0
DA:97,0
DA:98,0
DA:101,0
DA:102,0
DA:103,0
DA:104,0
DA:107,0
DA:109,0
DA:110,0
DA:111,0
DA:112,0
DA:115,0
DA:116,0
DA:123,0
DA:130,0
DA:131,0
DA:132,0
DA:134,0
DA:135,0
DA:136,0
DA:137,0
DA:138,0
DA:142,0
DA:143,0
DA:146,0
DA:147,0
DA:148,0
DA:150,0
DA:157,0
DA:159,0
DA:160,0
DA:164,0
DA:165,0
DA:172,0
DA:179,0
DA:181,0
DA:182,0
DA:185,0
DA:186,0
DA:187,0
DA:194,0
DA:208,0
DA:209,0
DA:216,0
DA:226,0
DA:227,0
DA:228,0
DA:230,0
DA:237,0
DA:247,0
DA:248,0
DA:249,0
DA:251,0
DA:258,0
DA:264,0
DA:266,0
DA:273,0
DA:280,0
LF:101
LH:0
BRDA:9,0,0,0
BRDA:22,1,0,0
BRDA:22,1,1,0
BRDA:29,2,0,0
BRDA:29,2,1,0
BRDA:30,3,0,0
BRDA:30,3,1,0
BRDA:59,4,0,0
BRDA:59,4,1,0
BRDA:74,5,0,0
BRDA:74,5,1,0
BRDA:84,6,0,0
BRDA:89,7,0,0
BRDA:89,7,1,0
BRDA:95,8,0,0
BRDA:95,8,1,0
BRDA:101,9,0,0
BRDA:101,9,1,0
BRDA:109,10,0,0
BRDA:109,10,1,0
BRDA:135,11,0,0
BRDA:135,11,1,0
BRDA:135,12,0,0
BRDA:135,12,1,0
BRDA:142,13,0,0
BRDA:142,13,1,0
BRDA:159,14,0,0
BRDA:159,14,1,0
BRDA:181,15,0,0
BRDA:181,15,1,0
BRDA:227,16,0,0
BRDA:227,16,1,0
BRDA:248,17,0,0
BRDA:248,17,1,0
BRDA:264,18,0,0
BRDA:264,18,1,0
BRF:36
BRH:0
end_of_record
TN:
SF:src\models\Contact.js
FN:12,(anonymous_0)
FN:38,(anonymous_1)
FN:60,(anonymous_2)
FN:94,(anonymous_3)
FN:108,(anonymous_4)
FN:122,(anonymous_5)
FN:160,(anonymous_6)
FN:166,(anonymous_7)
FN:220,(anonymous_8)
FN:242,(anonymous_9)
FN:262,(anonymous_10)
FN:265,(anonymous_11)
FN:271,(anonymous_12)
FN:278,(anonymous_13)
FN:286,(anonymous_14)
FNF:15
FNH:0
FNDA:0,(anonymous_0)
FNDA:0,(anonymous_1)
FNDA:0,(anonymous_2)
FNDA:0,(anonymous_3)
FNDA:0,(anonymous_4)
FNDA:0,(anonymous_5)
FNDA:0,(anonymous_6)
FNDA:0,(anonymous_7)
FNDA:0,(anonymous_8)
FNDA:0,(anonymous_9)
FNDA:0,(anonymous_10)
FNDA:0,(anonymous_11)
FNDA:0,(anonymous_12)
FNDA:0,(anonymous_13)
FNDA:0,(anonymous_14)
DA:6,0
DA:13,0
DA:14,0
DA:15,0
DA:17,0
DA:18,0
DA:19,0
DA:20,0
DA:23,0
DA:24,0
DA:25,0
DA:26,0
DA:29,0
DA:30,0
DA:31,0
DA:32,0
DA:35,0
DA:36,0
DA:39,0
DA:40,0
DA:41,0
DA:42,0
DA:43,0
DA:44,0
DA:45,0
DA:46,0
DA:47,0
DA:48,0
DA:49,0
DA:50,0
DA:51,0
DA:52,0
DA:53,0
DA:54,0
DA:64,0
DA:66,0
DA:75,0
DA:80,0
DA:81,0
DA:82,0
DA:84,0
DA:85,0
DA:87,0
DA:95,0
DA:96,0
DA:98,0
DA:99,0
DA:102,0
DA:109,0
DA:110,0
DA:112,0
DA:113,0
DA:116,0
DA:123,0
DA:124,0
DA:125,0
DA:127,0
DA:128,0
DA:129,0
DA:130,0
DA:133,0
DA:134,0
DA:135,0
DA:136,0
DA:139,0
DA:140,0
DA:141,0
DA:142,0
DA:145,0
DA:147,0
DA:148,0
DA:149,0
DA:150,0
DA:153,0
DA:154,0
DA:155,0
DA:156,0
DA:159,0
DA:160,0
DA:167,0
DA:172,0
DA:173,0
DA:174,0
DA:176,0
DA:177,0
DA:178,0
DA:179,0
DA:180,0
DA:184,0
DA:185,0
DA:188,0
DA:189,0
DA:190,0
DA:192,0
DA:199,0
DA:200,0
DA:202,0
DA:203,0
DA:207,0
DA:208,0
DA:210,0
DA:211,0
DA:213,0
DA:221,0
DA:228,0
DA:230,0
DA:231,0
DA:234,0
DA:235,0
DA:236,0
DA:243,0
DA:255,0
DA:256,0
DA:263,0
DA:264,0
DA:265,0
DA:272,0
DA:278,0
DA:280,0
DA:287,0
DA:294,0
LF:121
LH:0
BRDA:12,0,0,0
BRDA:17,1,0,0
BRDA:17,1,1,0
BRDA:23,2,0,0
BRDA:23,2,1,0
BRDA:29,3,0,0
BRDA:29,3,1,0
BRDA:38,4,0,0
BRDA:51,5,0,0
BRDA:51,5,1,0
BRDA:77,6,0,0
BRDA:77,6,1,0
BRDA:84,7,0,0
BRDA:84,7,1,0
BRDA:98,8,0,0
BRDA:98,8,1,0
BRDA:112,9,0,0
BRDA:112,9,1,0
BRDA:122,10,0,0
BRDA:127,11,0,0
BRDA:127,11,1,0
BRDA:133,12,0,0
BRDA:133,12,1,0
BRDA:139,13,0,0
BRDA:139,13,1,0
BRDA:147,14,0,0
BRDA:147,14,1,0
BRDA:153,15,0,0
BRDA:153,15,1,0
BRDA:177,16,0,0
BRDA:177,16,1,0
BRDA:177,17,0,0
BRDA:177,17,1,0
BRDA:184,18,0,0
BRDA:184,18,1,0
BRDA:202,19,0,0
BRDA:202,19,1,0
BRDA:210,20,0,0
BRDA:210,20,1,0
BRDA:230,21,0,0
BRDA:230,21,1,0
BRDA:278,22,0,0
BRDA:278,22,1,0
BRF:43
BRH:0
end_of_record
TN:
SF:src\models\EmailTemplate.js
FN:9,(anonymous_0)
FN:28,(anonymous_1)
FN:63,(anonymous_2)
FN:83,(anonymous_3)
FN:103,(anonymous_4)
FN:171,(anonymous_5)
FN:192,(anonymous_6)
FN:246,(anonymous_7)
FN:267,(anonymous_8)
FN:294,(anonymous_9)
FN:313,(anonymous_10)
FN:335,(anonymous_11)
FN:339,(anonymous_12)
FN:351,(anonymous_13)
FN:363,(anonymous_14)
FN:375,(anonymous_15)
FN:376,(anonymous_16)
FN:377,(anonymous_17)
FN:390,(anonymous_18)
FNF:19
FNH:0
FNDA:0,(anonymous_0)
FNDA:0,(anonymous_1)
FNDA:0,(anonymous_2)
FNDA:0,(anonymous_3)
FNDA:0,(anonymous_4)
FNDA:0,(anonymous_5)
FNDA:0,(anonymous_6)
FNDA:0,(anonymous_7)
FNDA:0,(anonymous_8)
FNDA:0,(anonymous_9)
FNDA:0,(anonymous_10)
FNDA:0,(anonymous_11)
FNDA:0,(anonymous_12)
FNDA:0,(anonymous_13)
FNDA:0,(anonymous_14)
FNDA:0,(anonymous_15)
FNDA:0,(anonymous_16)
FNDA:0,(anonymous_17)
FNDA:0,(anonymous_18)
DA:6,0
DA:10,0
DA:11,0
DA:12,0
DA:13,0
DA:14,0
DA:15,0
DA:16,0
DA:17,0
DA:18,0
DA:19,0
DA:20,0
DA:21,0
DA:22,0
DA:29,0
DA:31,0
DA:37,0
DA:49,0
DA:50,0
DA:51,0
DA:53,0
DA:54,0
DA:56,0
DA:64,0
DA:65,0
DA:67,0
DA:68,0
DA:71,0
DA:73,0
DA:74,0
DA:77,0
DA:84,0
DA:85,0
DA:87,0
DA:88,0
DA:91,0
DA:93,0
DA:94,0
DA:97,0
DA:104,0
DA:106,0
DA:107,0
DA:108,0
DA:109,0
DA:112,0
DA:113,0
DA:114,0
DA:115,0
DA:116,0
DA:117,0
DA:120,0
DA:121,0
DA:122,0
DA:123,0
DA:124,0
DA:125,0
DA:128,0
DA:129,0
DA:130,0
DA:131,0
DA:132,0
DA:133,0
DA:137,0
DA:138,0
DA:139,0
DA:140,0
DA:141,0
DA:142,0
DA:146,0
DA:147,0
DA:148,0
DA:149,0
DA:152,0
DA:153,0
DA:154,0
DA:155,0
DA:158,0
DA:159,0
DA:160,0
DA:161,0
DA:164,0
DA:166,0
DA:171,0
DA:173,0
DA:174,0
DA:176,0
DA:179,0
DA:184,0
DA:185,0
DA:193,0
DA:194,0
DA:195,0
DA:196,0
DA:198,0
DA:199,0
DA:200,0
DA:201,0
DA:203,0
DA:204,0
DA:206,0
DA:211,0
DA:212,0
DA:215,0
DA:216,0
DA:217,0
DA:219,0
DA:226,0
DA:228,0
DA:229,0
DA:232,0
DA:234,0
DA:235,0
DA:239,0
DA:240,0
DA:247,0
DA:254,0
DA:256,0
DA:257,0
DA:258,0
DA:261,0
DA:269,0
DA:270,0
DA:273,0
DA:280,0
DA:282,0
DA:283,0
DA:286,0
DA:287,0
DA:288,0
DA:296,0
DA:297,0
DA:300,0
DA:301,0
DA:303,0
DA:304,0
DA:307,0
DA:314,0
DA:328,0
DA:329,0
DA:336,0
DA:337,0
DA:339,0
DA:341,0
DA:342,0
DA:344,0
DA:352,0
DA:364,0
DA:365,0
DA:368,0
DA:369,0
DA:370,0
DA:371,0
DA:375,0
DA:376,0
DA:377,0
DA:379,0
DA:391,0
DA:409,0
LF:158
LH:0
BRDA:9,0,0,0
BRDA:15,1,0,0
BRDA:15,1,1,0
BRDA:16,2,0,0
BRDA:16,2,1,0
BRDA:17,3,0,0
BRDA:17,3,1,0
BRDA:18,4,0,0
BRDA:18,4,1,0
BRDA:42,5,0,0
BRDA:42,5,1,0
BRDA:43,6,0,0
BRDA:43,6,1,0
BRDA:53,7,0,0
BRDA:53,7,1,0
BRDA:67,8,0,0
BRDA:67,8,1,0
BRDA:73,9,0,0
BRDA:73,9,1,0
BRDA:73,10,0,0
BRDA:73,10,1,0
BRDA:87,11,0,0
BRDA:87,11,1,0
BRDA:93,12,0,0
BRDA:93,12,1,0
BRDA:93,13,0,0
BRDA:93,13,1,0
BRDA:103,14,0,0
BRDA:104,15,0,0
BRDA:104,16,0,0
BRDA:104,17,0,0
BRDA:112,18,0,0
BRDA:112,18,1,0
BRDA:120,19,0,0
BRDA:120,19,1,0
BRDA:128,20,0,0
BRDA:128,20,1,0
BRDA:137,21,0,0
BRDA:137,21,1,0
BRDA:147,22,0,0
BRDA:147,22,1,0
BRDA:148,23,0,0
BRDA:148,23,1,0
BRDA:152,24,0,0
BRDA:152,24,1,0
BRDA:158,25,0,0
BRDA:158,25,1,0
BRDA:168,26,0,0
BRDA:168,26,1,0
BRDA:168,27,0,0
BRDA:168,27,1,0
BRDA:173,28,0,0
BRDA:173,28,1,0
BRDA:173,29,0,0
BRDA:173,29,1,0
BRDA:199,30,0,0
BRDA:199,30,1,0
BRDA:199,31,0,0
BRDA:199,31,1,0
BRDA:203,32,0,0
BRDA:203,32,1,0
BRDA:211,33,0,0
BRDA:211,33,1,0
BRDA:228,34,0,0
BRDA:228,34,1,0
BRDA:234,35,0,0
BRDA:234,35,1,0
BRDA:234,36,0,0
BRDA:234,36,1,0
BRDA:256,37,0,0
BRDA:256,37,1,0
BRDA:269,38,0,0
BRDA:269,38,1,0
BRDA:282,39,0,0
BRDA:282,39,1,0
BRDA:296,40,0,0
BRDA:296,40,1,0
BRDA:303,41,0,0
BRDA:303,41,1,0
BRDA:341,42,0,0
BRDA:341,42,1,0
BRDA:341,43,0,0
BRDA:341,43,1,0
BRDA:363,44,0,0
BRDA:370,45,0,0
BRDA:370,45,1,0
BRF:86
BRH:0
end_of_record
TN:
SF:src\models\Equipment.js
FN:9,(anonymous_0)
FN:32,(anonymous_1)
FN:69,(anonymous_2)
FN:90,(anonymous_3)
FN:129,(anonymous_4)
FN:142,(anonymous_5)
FN:201,(anonymous_6)
FN:223,(anonymous_7)
FN:242,(anonymous_8)
FN:246,(anonymous_9)
FN:259,(anonymous_10)
FN:285,(anonymous_11)
FNF:12
FNH:0
FNDA:0,(anonymous_0)
FNDA:0,(anonymous_1)
FNDA:0,(anonymous_2)
FNDA:0,(anonymous_3)
FNDA:0,(anonymous_4)
FNDA:0,(anonymous_5)
FNDA:0,(anonymous_6)
FNDA:0,(anonymous_7)
FNDA:0,(anonymous_8)
FNDA:0,(anonymous_9)
FNDA:0,(anonymous_10)
FNDA:0,(anonymous_11)
DA:6,0
DA:10,0
DA:11,0
DA:12,0
DA:13,0
DA:14,0
DA:15,0
DA:16,0
DA:17,0
DA:18,0
DA:19,0
DA:20,0
DA:21,0
DA:22,0
DA:23,0
DA:24,0
DA:25,0
DA:26,0
DA:37,0
DA:39,0
DA:48,0
DA:55,0
DA:56,0
DA:59,0
DA:60,0
DA:63,0
DA:70,0
DA:71,0
DA:73,0
DA:74,0
DA:77,0
DA:80,0
DA:81,0
DA:84,0
DA:91,0
DA:92,0
DA:93,0
DA:95,0
DA:96,0
DA:97,0
DA:98,0
DA:101,0
DA:102,0
DA:103,0
DA:104,0
DA:107,0
DA:108,0
DA:109,0
DA:110,0
DA:113,0
DA:114,0
DA:115,0
DA:116,0
DA:119,0
DA:121,0
DA:122,0
DA:123,0
DA:124,0
DA:127,0
DA:129,0
DA:130,0
DA:132,0
DA:133,0
DA:135,0
DA:143,0
DA:149,0
DA:150,0
DA:151,0
DA:153,0
DA:154,0
DA:155,0
DA:156,0
DA:158,0
DA:159,0
DA:161,0
DA:166,0
DA:167,0
DA:170,0
DA:171,0
DA:172,0
DA:174,0
DA:181,0
DA:183,0
DA:184,0
DA:188,0
DA:191,0
DA:192,0
DA:195,0
DA:202,0
DA:209,0
DA:211,0
DA:212,0
DA:215,0
DA:216,0
DA:217,0
DA:224,0
DA:235,0
DA:236,0
DA:243,0
DA:244,0
DA:246,0
DA:247,0
DA:249,0
DA:250,0
DA:252,0
DA:260,0
DA:269,0
DA:271,0
DA:272,0
DA:275,0
DA:276,0
DA:277,0
DA:279,0
DA:286,0
DA:296,0
LF:115
LH:0
BRDA:9,0,0,0
BRDA:16,1,0,0
BRDA:16,1,1,0
BRDA:50,2,0,0
BRDA:50,2,1,0
BRDA:50,3,0,0
BRDA:50,3,1,0
BRDA:59,4,0,0
BRDA:59,4,1,0
BRDA:59,5,0,0
BRDA:59,5,1,0
BRDA:73,6,0,0
BRDA:73,6,1,0
BRDA:80,7,0,0
BRDA:80,7,1,0
BRDA:80,8,0,0
BRDA:80,8,1,0
BRDA:90,9,0,0
BRDA:95,10,0,0
BRDA:95,10,1,0
BRDA:101,11,0,0
BRDA:101,11,1,0
BRDA:107,12,0,0
BRDA:107,12,1,0
BRDA:113,13,0,0
BRDA:113,13,1,0
BRDA:121,14,0,0
BRDA:121,14,1,0
BRDA:132,15,0,0
BRDA:132,15,1,0
BRDA:132,16,0,0
BRDA:132,16,1,0
BRDA:154,17,0,0
BRDA:154,17,1,0
BRDA:154,18,0,0
BRDA:154,18,1,0
BRDA:158,19,0,0
BRDA:158,19,1,0
BRDA:166,20,0,0
BRDA:166,20,1,0
BRDA:183,21,0,0
BRDA:183,21,1,0
BRDA:191,22,0,0
BRDA:191,22,1,0
BRDA:191,23,0,0
BRDA:191,23,1,0
BRDA:211,24,0,0
BRDA:211,24,1,0
BRDA:249,25,0,0
BRDA:249,25,1,0
BRDA:249,26,0,0
BRDA:249,26,1,0
BRDA:259,27,0,0
BRDA:271,28,0,0
BRDA:271,28,1,0
BRDA:289,29,0,0
BRDA:289,29,1,0
BRF:57
BRH:0
end_of_record
TN:
SF:src\models\Meter.js
FN:9,(anonymous_0)
FN:37,(anonymous_1)
FN:76,(anonymous_2)
FN:93,(anonymous_3)
FN:107,(anonymous_4)
FN:145,(anonymous_5)
FN:151,(anonymous_6)
FN:206,(anonymous_7)
FN:228,(anonymous_8)
FN:250,(anonymous_9)
FN:270,(anonymous_10)
FN:273,(anonymous_11)
FN:279,(anonymous_12)
FN:285,(anonymous_13)
FN:293,(anonymous_14)
FNF:15
FNH:0
FNDA:0,(anonymous_0)
FNDA:0,(anonymous_1)
FNDA:0,(anonymous_2)
FNDA:0,(anonymous_3)
FNDA:0,(anonymous_4)
FNDA:0,(anonymous_5)
FNDA:0,(anonymous_6)
FNDA:0,(anonymous_7)
FNDA:0,(anonymous_8)
FNDA:0,(anonymous_9)
FNDA:0,(anonymous_10)
FNDA:0,(anonymous_11)
FNDA:0,(anonymous_12)
FNDA:0,(anonymous_13)
FNDA:0,(anonymous_14)
DA:6,0
DA:10,0
DA:11,0
DA:12,0
DA:13,0
DA:14,0
DA:16,0
DA:17,0
DA:18,0
DA:19,0
DA:20,0
DA:21,0
DA:22,0
DA:23,0
DA:24,0
DA:25,0
DA:26,0
DA:27,0
DA:28,0
DA:29,0
DA:30,0
DA:31,0
DA:43,0
DA:45,0
DA:55,0
DA:62,0
DA:63,0
DA:64,0
DA:66,0
DA:67,0
DA:69,0
DA:77,0
DA:83,0
DA:84,0
DA:85,0
DA:87,0
DA:94,0
DA:95,0
DA:97,0
DA:98,0
DA:101,0
DA:108,0
DA:109,0
DA:110,0
DA:112,0
DA:113,0
DA:114,0
DA:115,0
DA:118,0
DA:119,0
DA:120,0
DA:121,0
DA:124,0
DA:125,0
DA:126,0
DA:127,0
DA:130,0
DA:131,0
DA:132,0
DA:133,0
DA:136,0
DA:138,0
DA:139,0
DA:140,0
DA:141,0
DA:144,0
DA:145,0
DA:152,0
DA:158,0
DA:159,0
DA:160,0
DA:162,0
DA:163,0
DA:164,0
DA:165,0
DA:166,0
DA:170,0
DA:171,0
DA:174,0
DA:175,0
DA:176,0
DA:178,0
DA:185,0
DA:186,0
DA:188,0
DA:189,0
DA:193,0
DA:194,0
DA:196,0
DA:197,0
DA:199,0
DA:207,0
DA:214,0
DA:216,0
DA:217,0
DA:220,0
DA:221,0
DA:222,0
DA:229,0
DA:236,0
DA:238,0
DA:239,0
DA:242,0
DA:243,0
DA:244,0
DA:251,0
DA:263,0
DA:264,0
DA:271,0
DA:272,0
DA:273,0
DA:280,0
DA:285,0
DA:287,0
DA:294,0
DA:301,0
LF:116
LH:0
BRDA:9,0,0,0
BRDA:21,1,0,0
BRDA:21,1,1,0
BRDA:27,2,0,0
BRDA:27,2,1,0
BRDA:57,3,0,0
BRDA:57,3,1,0
BRDA:59,4,0,0
BRDA:59,4,1,0
BRDA:59,5,0,0
BRDA:59,5,1,0
BRDA:66,6,0,0
BRDA:66,6,1,0
BRDA:84,7,0,0
BRDA:84,7,1,0
BRDA:97,8,0,0
BRDA:97,8,1,0
BRDA:107,9,0,0
BRDA:112,10,0,0
BRDA:112,10,1,0
BRDA:118,11,0,0
BRDA:118,11,1,0
BRDA:124,12,0,0
BRDA:124,12,1,0
BRDA:130,13,0,0
BRDA:130,13,1,0
BRDA:138,14,0,0
BRDA:138,14,1,0
BRDA:163,15,0,0
BRDA:163,15,1,0
BRDA:163,16,0,0
BRDA:163,16,1,0
BRDA:170,17,0,0
BRDA:170,17,1,0
BRDA:188,18,0,0
BRDA:188,18,1,0
BRDA:196,19,0,0
BRDA:196,19,1,0
BRDA:216,20,0,0
BRDA:216,20,1,0
BRDA:228,21,0,0
BRDA:238,22,0,0
BRDA:238,22,1,0
BRDA:282,23,0,0
BRDA:282,23,1,0
BRDA:283,24,0,0
BRDA:283,24,1,0
BRDA:285,25,0,0
BRDA:285,25,1,0
BRF:49
BRH:0
end_of_record
TN:
SF:src\models\MeterReading.js
FN:9,(anonymous_0)
FN:21,(anonymous_1)
FN:64,(anonymous_2)
FN:78,(anonymous_3)
FN:132,(anonymous_4)
FN:138,(anonymous_5)
FN:165,(anonymous_6)
FN:171,(anonymous_7)
FN:231,(anonymous_8)
FN:254,(anonymous_9)
FN:276,(anonymous_10)
FN:300,(anonymous_11)
FN:320,(anonymous_12)
FN:341,(anonymous_13)
FNF:14
FNH:0
FNDA:0,(anonymous_0)
FNDA:0,(anonymous_1)
FNDA:0,(anonymous_2)
FNDA:0,(anonymous_3)
FNDA:0,(anonymous_4)
FNDA:0,(anonymous_5)
FNDA:0,(anonymous_6)
FNDA:0,(anonymous_7)
FNDA:0,(anonymous_8)
FNDA:0,(anonymous_9)
FNDA:0,(anonymous_10)
FNDA:0,(anonymous_11)
FNDA:0,(anonymous_12)
FNDA:0,(anonymous_13)
DA:6,0
DA:11,0
DA:13,0
DA:14,0
DA:15,0
DA:26,0
DA:28,0
DA:30,0
DA:39,0
DA:45,0
DA:46,0
DA:49,0
DA:50,0
DA:55,0
DA:58,0
DA:65,0
DA:66,0
DA:68,0
DA:69,0
DA:72,0
DA:79,0
DA:80,0
DA:81,0
DA:83,0
DA:84,0
DA:85,0
DA:86,0
DA:89,0
DA:90,0
DA:91,0
DA:92,0
DA:95,0
DA:96,0
DA:97,0
DA:98,0
DA:101,0
DA:102,0
DA:103,0
DA:104,0
DA:107,0
DA:108,0
DA:109,0
DA:110,0
DA:114,0
DA:116,0
DA:117,0
DA:118,0
DA:119,0
DA:122,0
DA:123,0
DA:124,0
DA:125,0
DA:128,0
DA:129,0
DA:131,0
DA:132,0
DA:139,0
DA:140,0
DA:141,0
DA:143,0
DA:144,0
DA:145,0
DA:146,0
DA:149,0
DA:150,0
DA:151,0
DA:152,0
DA:156,0
DA:158,0
DA:159,0
DA:160,0
DA:161,0
DA:164,0
DA:165,0
DA:172,0
DA:178,0
DA:179,0
DA:180,0
DA:182,0
DA:183,0
DA:184,0
DA:185,0
DA:186,0
DA:191,0
DA:192,0
DA:193,0
DA:195,0
DA:196,0
DA:197,0
DA:198,0
DA:202,0
DA:203,0
DA:206,0
DA:207,0
DA:208,0
DA:210,0
DA:217,0
DA:219,0
DA:220,0
DA:224,0
DA:225,0
DA:232,0
DA:239,0
DA:241,0
DA:242,0
DA:245,0
DA:246,0
DA:247,0
DA:248,0
DA:255,0
DA:262,0
DA:264,0
DA:265,0
DA:268,0
DA:269,0
DA:270,0
DA:277,0
DA:293,0
DA:294,0
DA:301,0
DA:308,0
DA:310,0
DA:311,0
DA:314,0
DA:321,0
DA:334,0
DA:335,0
DA:342,0
DA:349,0
LF:129
LH:0
BRDA:9,0,0,0
BRDA:13,1,0,0
BRDA:13,1,1,0
BRDA:14,2,0,0
BRDA:14,2,1,0
BRDA:15,3,0,0
BRDA:15,3,1,0
BRDA:28,4,0,0
BRDA:28,4,1,0
BRDA:28,5,0,0
BRDA:28,5,1,0
BRDA:40,6,0,0
BRDA:40,6,1,0
BRDA:40,7,0,0
BRDA:40,7,1,0
BRDA:41,8,0,0
BRDA:41,8,1,0
BRDA:68,9,0,0
BRDA:68,9,1,0
BRDA:78,10,0,0
BRDA:83,11,0,0
BRDA:83,11,1,0
BRDA:89,12,0,0
BRDA:89,12,1,0
BRDA:95,13,0,0
BRDA:95,13,1,0
BRDA:101,14,0,0
BRDA:101,14,1,0
BRDA:107,15,0,0
BRDA:107,15,1,0
BRDA:116,16,0,0
BRDA:116,16,1,0
BRDA:122,17,0,0
BRDA:122,17,1,0
BRDA:128,18,0,0
BRDA:128,18,1,0
BRDA:138,19,0,0
BRDA:143,20,0,0
BRDA:143,20,1,0
BRDA:149,21,0,0
BRDA:149,21,1,0
BRDA:158,22,0,0
BRDA:158,22,1,0
BRDA:183,23,0,0
BRDA:183,23,1,0
BRDA:183,24,0,0
BRDA:183,24,1,0
BRDA:191,25,0,0
BRDA:191,25,1,0
BRDA:191,26,0,0
BRDA:191,26,1,0
BRDA:192,27,0,0
BRDA:192,27,1,0
BRDA:193,28,0,0
BRDA:193,28,1,0
BRDA:195,29,0,0
BRDA:195,29,1,0
BRDA:202,30,0,0
BRDA:202,30,1,0
BRDA:219,31,0,0
BRDA:219,31,1,0
BRDA:241,32,0,0
BRDA:241,32,1,0
BRDA:264,33,0,0
BRDA:264,33,1,0
BRDA:276,34,0,0
BRDA:310,35,0,0
BRDA:310,35,1,0
BRF:68
BRH:0
end_of_record
TN:
SF:src\models\User.js
FN:10,(anonymous_0)
FN:26,(anonymous_1)
FN:62,(anonymous_2)
FN:82,(anonymous_3)
FN:102,(anonymous_4)
FN:162,(anonymous_5)
FN:183,(anonymous_6)
FN:237,(anonymous_7)
FN:262,(anonymous_8)
FN:282,(anonymous_9)
FN:289,(anonymous_10)
FN:311,(anonymous_11)
FN:319,(anonymous_12)
FNF:13
FNH:0
FNDA:0,(anonymous_0)
FNDA:0,(anonymous_1)
FNDA:0,(anonymous_2)
FNDA:0,(anonymous_3)
FNDA:0,(anonymous_4)
FNDA:0,(anonymous_5)
FNDA:0,(anonymous_6)
FNDA:0,(anonymous_7)
FNDA:0,(anonymous_8)
FNDA:0,(anonymous_9)
FNDA:0,(anonymous_10)
FNDA:0,(anonymous_11)
FNDA:0,(anonymous_12)
DA:6,0
DA:7,0
DA:11,0
DA:12,0
DA:13,0
DA:14,0
DA:15,0
DA:16,0
DA:17,0
DA:18,0
DA:19,0
DA:20,0
DA:27,0
DA:30,0
DA:31,0
DA:33,0
DA:39,0
DA:48,0
DA:49,0
DA:50,0
DA:52,0
DA:53,0
DA:55,0
DA:63,0
DA:64,0
DA:66,0
DA:67,0
DA:70,0
DA:72,0
DA:73,0
DA:76,0
DA:83,0
DA:84,0
DA:86,0
DA:87,0
DA:90,0
DA:92,0
DA:93,0
DA:96,0
DA:103,0
DA:105,0
DA:106,0
DA:107,0
DA:108,0
DA:111,0
DA:112,0
DA:113,0
DA:114,0
DA:115,0
DA:116,0
DA:119,0
DA:120,0
DA:121,0
DA:122,0
DA:123,0
DA:124,0
DA:128,0
DA:129,0
DA:130,0
DA:131,0
DA:132,0
DA:133,0
DA:137,0
DA:138,0
DA:139,0
DA:140,0
DA:143,0
DA:144,0
DA:145,0
DA:146,0
DA:149,0
DA:150,0
DA:151,0
DA:152,0
DA:155,0
DA:157,0
DA:162,0
DA:164,0
DA:165,0
DA:167,0
DA:170,0
DA:175,0
DA:176,0
DA:184,0
DA:185,0
DA:186,0
DA:187,0
DA:189,0
DA:190,0
DA:191,0
DA:192,0
DA:194,0
DA:195,0
DA:197,0
DA:202,0
DA:203,0
DA:206,0
DA:207,0
DA:208,0
DA:210,0
DA:217,0
DA:219,0
DA:220,0
DA:223,0
DA:225,0
DA:226,0
DA:230,0
DA:231,0
DA:238,0
DA:239,0
DA:241,0
DA:248,0
DA:250,0
DA:251,0
DA:254,0
DA:255,0
DA:256,0
DA:263,0
DA:270,0
DA:272,0
DA:273,0
DA:276,0
DA:283,0
DA:290,0
DA:297,0
DA:299,0
DA:300,0
DA:303,0
DA:304,0
DA:305,0
DA:312,0
DA:313,0
DA:320,0
DA:331,0
DA:332,0
DA:336,0
LF:136
LH:0
BRDA:10,0,0,0
BRDA:15,1,0,0
BRDA:15,1,1,0
BRDA:16,2,0,0
BRDA:16,2,1,0
BRDA:17,3,0,0
BRDA:17,3,1,0
BRDA:43,4,0,0
BRDA:43,4,1,0
BRDA:44,5,0,0
BRDA:44,5,1,0
BRDA:45,6,0,0
BRDA:45,6,1,0
BRDA:52,7,0,0
BRDA:52,7,1,0
BRDA:66,8,0,0
BRDA:66,8,1,0
BRDA:72,9,0,0
BRDA:72,9,1,0
BRDA:72,10,0,0
BRDA:72,10,1,0
BRDA:86,11,0,0
BRDA:86,11,1,0
BRDA:92,12,0,0
BRDA:92,12,1,0
BRDA:92,13,0,0
BRDA:92,13,1,0
BRDA:102,14,0,0
BRDA:103,15,0,0
BRDA:103,16,0,0
BRDA:103,17,0,0
BRDA:111,18,0,0
BRDA:111,18,1,0
BRDA:119,19,0,0
BRDA:119,19,1,0
BRDA:128,20,0,0
BRDA:128,20,1,0
BRDA:138,21,0,0
BRDA:138,21,1,0
BRDA:139,22,0,0
BRDA:139,22,1,0
BRDA:143,23,0,0
BRDA:143,23,1,0
BRDA:149,24,0,0
BRDA:149,24,1,0
BRDA:159,25,0,0
BRDA:159,25,1,0
BRDA:159,26,0,0
BRDA:159,26,1,0
BRDA:164,27,0,0
BRDA:164,27,1,0
BRDA:164,28,0,0
BRDA:164,28,1,0
BRDA:190,29,0,0
BRDA:190,29,1,0
BRDA:190,30,0,0
BRDA:190,30,1,0
BRDA:194,31,0,0
BRDA:194,31,1,0
BRDA:202,32,0,0
BRDA:202,32,1,0
BRDA:219,33,0,0
BRDA:219,33,1,0
BRDA:225,34,0,0
BRDA:225,34,1,0
BRDA:225,35,0,0
BRDA:225,35,1,0
BRDA:250,36,0,0
BRDA:250,36,1,0
BRDA:272,37,0,0
BRDA:272,37,1,0
BRDA:299,38,0,0
BRDA:299,38,1,0
BRF:73
BRH:0
end_of_record
TN:
SF:src\routes\auth.js
FN:10,(anonymous_0)
FN:17,(anonymous_1)
FN:27,(anonymous_2)
FN:105,(anonymous_3)
FN:159,(anonymous_4)
FN:177,(anonymous_5)
FNF:6
FNH:0
FNDA:0,(anonymous_0)
FNDA:0,(anonymous_1)
FNDA:0,(anonymous_2)
FNDA:0,(anonymous_3)
FNDA:0,(anonymous_4)
FNDA:0,(anonymous_5)
DA:1,0
DA:2,0
DA:3,0
DA:4,0
DA:5,0
DA:7,0
DA:10,0
DA:11,0
DA:17,0
DA:18,0
DA:24,0
DA:28,0
DA:30,0
DA:31,0
DA:32,0
DA:39,0
DA:42,0
DA:43,0
DA:44,0
DA:51,0
DA:52,0
DA:53,0
DA:60,0
DA:61,0
DA:68,0
DA:71,0
DA:72,0
DA:75,0
DA:77,0
DA:94,0
DA:95,0
DA:103,0
DA:106,0
DA:107,0
DA:108,0
DA:109,0
DA:116,0
DA:119,0
DA:120,0
DA:122,0
DA:123,0
DA:130,0
DA:131,0
DA:133,0
DA:150,0
DA:151,0
DA:159,0
DA:160,0
DA:161,0
DA:168,0
DA:169,0
DA:177,0
DA:178,0
DA:181,0
DA:186,0
DA:187,0
DA:194,0
LF:57
LH:0
BRDA:12,0,0,0
BRDA:12,0,1,0
BRDA:19,1,0,0
BRDA:19,1,1,0
BRDA:31,2,0,0
BRDA:31,2,1,0
BRDA:43,3,0,0
BRDA:43,3,1,0
BRDA:52,4,0,0
BRDA:52,4,1,0
BRDA:60,5,0,0
BRDA:60,5,1,0
BRDA:75,6,0,0
BRDA:75,6,1,0
BRDA:108,7,0,0
BRDA:108,7,1,0
BRDA:122,8,0,0
BRDA:122,8,1,0
BRDA:122,9,0,0
BRDA:122,9,1,0
BRF:20
BRH:0
end_of_record
TN:
SF:src\routes\location.js
FN:14,mapLocationToResponse
FN:61,(anonymous_1)
FN:106,(anonymous_2)
FN:141,(anonymous_3)
FN:185,(anonymous_4)
FN:250,(anonymous_5)
FN:309,(anonymous_6)
FN:352,(anonymous_7)
FN:390,(anonymous_8)
FN:394,(anonymous_9)
FN:395,(anonymous_10)
FN:396,(anonymous_11)
FN:397,(anonymous_12)
FN:403,(anonymous_13)
FN:404,(anonymous_14)
FN:405,(anonymous_15)
FNF:16
FNH:0
FNDA:0,mapLocationToResponse
FNDA:0,(anonymous_1)
FNDA:0,(anonymous_2)
FNDA:0,(anonymous_3)
FNDA:0,(anonymous_4)
FNDA:0,(anonymous_5)
FNDA:0,(anonymous_6)
FNDA:0,(anonymous_7)
FNDA:0,(anonymous_8)
FNDA:0,(anonymous_9)
FNDA:0,(anonymous_10)
FNDA:0,(anonymous_11)
FNDA:0,(anonymous_12)
FNDA:0,(anonymous_13)
FNDA:0,(anonymous_14)
FNDA:0,(anonymous_15)
DA:1,0
DA:2,0
DA:3,0
DA:4,0
DA:5,0
DA:6,0
DA:8,0
DA:11,0
DA:15,0
DA:16,0
DA:55,0
DA:62,0
DA:63,0
DA:64,0
DA:65,0
DA:81,0
DA:83,0
DA:84,0
DA:85,0
DA:88,0
DA:94,0
DA:97,0
DA:105,0
DA:106,0
DA:107,0
DA:108,0
DA:109,0
DA:110,0
DA:111,0
DA:114,0
DA:115,0
DA:117,0
DA:132,0
DA:133,0
DA:141,0
DA:142,0
DA:144,0
DA:145,0
DA:148,0
DA:150,0
DA:151,0
DA:157,0
DA:162,0
DA:163,0
DA:171,0
DA:186,0
DA:187,0
DA:188,0
DA:189,0
DA:196,0
DA:198,0
DA:219,0
DA:221,0
DA:227,0
DA:228,0
DA:236,0
DA:251,0
DA:252,0
DA:253,0
DA:254,0
DA:261,0
DA:262,0
DA:263,0
DA:266,0
DA:267,0
DA:269,0
DA:270,0
DA:271,0
DA:272,0
DA:273,0
DA:274,0
DA:275,0
DA:276,0
DA:277,0
DA:278,0
DA:279,0
DA:280,0
DA:281,0
DA:282,0
DA:283,0
DA:285,0
DA:286,0
DA:287,0
DA:288,0
DA:289,0
DA:292,0
DA:294,0
DA:300,0
DA:301,0
DA:309,0
DA:310,0
DA:311,0
DA:312,0
DA:313,0
DA:317,0
DA:322,0
DA:323,0
DA:325,0
DA:326,0
DA:332,0
DA:334,0
DA:339,0
DA:340,0
DA:348,0
DA:353,0
DA:354,0
DA:355,0
DA:356,0
DA:363,0
DA:364,0
DA:365,0
DA:366,0
DA:367,0
DA:368,0
DA:369,0
DA:373,0
DA:381,0
DA:382,0
DA:390,0
DA:391,0
DA:392,0
DA:393,0
DA:394,0
DA:395,0
DA:396,0
DA:397,0
DA:398,0
DA:399,0
DA:400,0
DA:403,0
DA:404,0
DA:405,0
DA:406,0
DA:408,0
DA:421,0
DA:422,0
DA:429,0
LF:137
LH:0
BRDA:15,0,0,0
BRDA:15,0,1,0
BRDA:64,1,0,0
BRDA:64,1,1,0
BRDA:73,2,0,0
BRDA:74,3,0,0
BRDA:75,4,0,0
BRDA:76,5,0,0
BRDA:89,6,0,0
BRDA:89,6,1,0
BRDA:90,7,0,0
BRDA:90,7,1,0
BRDA:91,8,0,0
BRDA:91,8,1,0
BRDA:105,9,0,0
BRDA:105,9,1,0
BRDA:107,10,0,0
BRDA:107,10,1,0
BRDA:108,11,0,0
BRDA:108,11,1,0
BRDA:109,12,0,0
BRDA:109,12,1,0
BRDA:109,13,0,0
BRDA:109,13,1,0
BRDA:110,14,0,0
BRDA:110,14,1,0
BRDA:110,15,0,0
BRDA:110,15,1,0
BRDA:144,16,0,0
BRDA:144,16,1,0
BRDA:144,17,0,0
BRDA:144,17,1,0
BRDA:150,18,0,0
BRDA:150,18,1,0
BRDA:188,19,0,0
BRDA:188,19,1,0
BRDA:204,20,0,0
BRDA:204,20,1,0
BRDA:210,21,0,0
BRDA:210,21,1,0
BRDA:253,22,0,0
BRDA:253,22,1,0
BRDA:262,23,0,0
BRDA:262,23,1,0
BRDA:269,24,0,0
BRDA:269,24,1,0
BRDA:270,25,0,0
BRDA:270,25,1,0
BRDA:271,26,0,0
BRDA:271,26,1,0
BRDA:272,27,0,0
BRDA:272,27,1,0
BRDA:273,28,0,0
BRDA:273,28,1,0
BRDA:274,29,0,0
BRDA:274,29,1,0
BRDA:275,30,0,0
BRDA:275,30,1,0
BRDA:276,31,0,0
BRDA:276,31,1,0
BRDA:277,32,0,0
BRDA:277,32,1,0
BRDA:278,33,0,0
BRDA:278,33,1,0
BRDA:279,34,0,0
BRDA:279,34,1,0
BRDA:280,35,0,0
BRDA:280,35,1,0
BRDA:281,36,0,0
BRDA:281,36,1,0
BRDA:282,37,0,0
BRDA:282,37,1,0
BRDA:283,38,0,0
BRDA:283,38,1,0
BRDA:285,39,0,0
BRDA:285,39,1,0
BRDA:286,40,0,0
BRDA:286,40,1,0
BRDA:287,41,0,0
BRDA:287,41,1,0
BRDA:288,42,0,0
BRDA:288,42,1,0
BRDA:289,43,0,0
BRDA:289,43,1,0
BRDA:312,44,0,0
BRDA:312,44,1,0
BRDA:325,45,0,0
BRDA:325,45,1,0
BRDA:325,46,0,0
BRDA:325,46,1,0
BRDA:355,47,0,0
BRDA:355,47,1,0
BRDA:367,48,0,0
BRDA:367,48,1,0
BRDA:398,49,0,0
BRDA:398,49,1,0
BRDA:399,50,0,0
BRDA:399,50,1,0
BRDA:403,51,0,0
BRDA:403,51,1,0
BRDA:406,52,0,0
BRDA:406,52,1,0
BRF:102
BRH:0
end_of_record
TN:
SF:src\routes\contacts.js
FN:9,(anonymous_0)
FN:50,(anonymous_1)
FN:64,(anonymous_2)
FN:75,(anonymous_3)
FN:83,(anonymous_4)
FN:100,(anonymous_5)
FN:108,(anonymous_6)
FN:122,(anonymous_7)
FN:151,(anonymous_8)
FNF:9
FNH:0
FNDA:0,(anonymous_0)
FNDA:0,(anonymous_1)
FNDA:0,(anonymous_2)
FNDA:0,(anonymous_3)
FNDA:0,(anonymous_4)
FNDA:0,(anonymous_5)
FNDA:0,(anonymous_6)
FNDA:0,(anonymous_7)
FNDA:0,(anonymous_8)
DA:1,0
DA:2,0
DA:3,0
DA:5,0
DA:6,0
DA:9,0
DA:10,0
DA:17,0
DA:20,0
DA:21,0
DA:22,0
DA:23,0
DA:24,0
DA:25,0
DA:28,0
DA:31,0
DA:33,0
DA:44,0
DA:45,0
DA:50,0
DA:51,0
DA:52,0
DA:53,0
DA:54,0
DA:56,0
DA:58,0
DA:59,0
DA:64,0
DA:65,0
DA:66,0
DA:67,0
DA:68,0
DA:70,0
DA:71,0
DA:72,0
DA:75,0
DA:78,0
DA:83,0
DA:84,0
DA:85,0
DA:90,0
DA:91,0
DA:93,0
DA:95,0
DA:96,0
DA:97,0
DA:100,0
DA:103,0
DA:108,0
DA:109,0
DA:110,0
DA:111,0
DA:112,0
DA:114,0
DA:116,0
DA:117,0
DA:122,0
DA:123,0
DA:124,0
DA:126,0
DA:127,0
DA:130,0
DA:131,0
DA:134,0
DA:139,0
DA:145,0
DA:146,0
DA:151,0
DA:152,0
DA:153,0
DA:166,0
DA:173,0
DA:187,0
DA:188,0
DA:192,0
LF:75
LH:0
BRDA:12,0,0,0
BRDA:13,1,0,0
BRDA:21,2,0,0
BRDA:21,2,1,0
BRDA:22,3,0,0
BRDA:22,3,1,0
BRDA:23,4,0,0
BRDA:23,4,1,0
BRDA:53,5,0,0
BRDA:53,5,1,0
BRDA:71,6,0,0
BRDA:71,6,1,0
BRDA:90,7,0,0
BRDA:90,7,1,0
BRDA:96,8,0,0
BRDA:96,8,1,0
BRDA:111,9,0,0
BRDA:111,9,1,0
BRDA:126,10,0,0
BRDA:126,10,1,0
BRDA:126,11,0,0
BRDA:126,11,1,0
BRDA:126,11,2,0
BRDA:130,12,0,0
BRDA:130,12,1,0
BRDA:176,13,0,0
BRDA:176,13,1,0
BRF:27
BRH:0
end_of_record
TN:
SF:src\routes\devices.js
FN:8,handleError
FN:66,(anonymous_1)
FN:80,(anonymous_2)
FN:94,(anonymous_3)
FN:111,(anonymous_4)
FN:132,(anonymous_5)
FNF:6
FNH:0
FNDA:0,handleError
FNDA:0,(anonymous_1)
FNDA:0,(anonymous_2)
FNDA:0,(anonymous_3)
FNDA:0,(anonymous_4)
FNDA:0,(anonymous_5)
DA:1,0
DA:2,0
DA:3,0
DA:9,0
DA:12,0
DA:13,0
DA:22,0
DA:23,0
DA:31,0
DA:32,0
DA:40,0
DA:41,0
DA:49,0
DA:50,0
DA:58,0
DA:66,0
DA:67,0
DA:68,0
DA:69,0
DA:75,0
DA:80,0
DA:81,0
DA:82,0
DA:83,0
DA:89,0
DA:94,0
DA:95,0
DA:96,0
DA:97,0
DA:98,0
DA:104,0
DA:106,0
DA:111,0
DA:112,0
DA:113,0
DA:114,0
DA:115,0
DA:121,0
DA:127,0
DA:132,0
DA:133,0
DA:134,0
DA:135,0
DA:136,0
DA:142,0
DA:147,0
DA:151,0
LF:47
LH:0
BRDA:12,0,0,0
BRDA:12,0,1,0
BRDA:22,1,0,0
BRDA:22,1,1,0
BRDA:31,2,0,0
BRDA:31,2,1,0
BRDA:40,3,0,0
BRDA:40,3,1,0
BRDA:49,4,0,0
BRDA:49,4,1,0
BRDA:97,5,0,0
BRDA:97,5,1,0
BRDA:114,6,0,0
BRDA:114,6,1,0
BRDA:135,7,0,0
BRDA:135,7,1,0
BRF:16
BRH:0
end_of_record
TN:
SF:src\routes\directMeter.js
FN:9,(anonymous_0)
FNF:1
FNH:0
FNDA:0,(anonymous_0)
DA:1,0
DA:2,0
DA:3,0
DA:9,0
DA:10,0
DA:12,0
DA:14,0
DA:16,0
DA:18,0
DA:19,0
DA:20,0
DA:22,0
DA:24,0
DA:27,0
DA:28,0
DA:29,0
DA:30,0
DA:31,0
DA:33,0
DA:35,0
DA:37,0
DA:38,0
DA:42,0
DA:44,0
DA:46,0
DA:58,0
DA:60,0
DA:61,0
DA:64,0
DA:76,0
LF:30
LH:0
BRDA:60,0,0,0
BRDA:60,0,1,0
BRF:2
BRH:0
end_of_record
TN:
SF:src\routes\emails.js
FN:18,(anonymous_0)
FN:41,(anonymous_1)
FN:93,(anonymous_2)
FN:95,(anonymous_3)
FN:102,(anonymous_4)
FN:104,(anonymous_5)
FN:108,(anonymous_6)
FN:110,(anonymous_7)
FN:116,(anonymous_8)
FN:170,(anonymous_9)
FN:233,(anonymous_10)
FN:270,(anonymous_11)
FN:367,(anonymous_12)
FN:425,(anonymous_13)
FN:506,(anonymous_14)
FN:536,(anonymous_15)
FNF:16
FNH:0
FNDA:0,(anonymous_0)
FNDA:0,(anonymous_1)
FNDA:0,(anonymous_2)
FNDA:0,(anonymous_3)
FNDA:0,(anonymous_4)
FNDA:0,(anonymous_5)
FNDA:0,(anonymous_6)
FNDA:0,(anonymous_7)
FNDA:0,(anonymous_8)
FNDA:0,(anonymous_9)
FNDA:0,(anonymous_10)
FNDA:0,(anonymous_11)
FNDA:0,(anonymous_12)
FNDA:0,(anonymous_13)
FNDA:0,(anonymous_14)
FNDA:0,(anonymous_15)
DA:6,0
DA:7,0
DA:8,0
DA:9,0
DA:10,0
DA:11,0
DA:12,0
DA:14,0
DA:15,0
DA:18,0
DA:19,0
DA:20,0
DA:21,0
DA:27,0
DA:31,0
DA:42,0
DA:43,0
DA:46,0
DA:47,0
DA:48,0
DA:55,0
DA:56,0
DA:60,0
DA:62,0
DA:63,0
DA:74,0
DA:80,0
DA:81,0
DA:90,0
DA:94,0
DA:95,0
DA:97,0
DA:103,0
DA:104,0
DA:106,0
DA:109,0
DA:110,0
DA:112,0
DA:117,0
DA:118,0
DA:121,0
DA:122,0
DA:129,0
DA:132,0
DA:134,0
DA:135,0
DA:145,0
DA:151,0
DA:152,0
DA:161,0
DA:171,0
DA:172,0
DA:175,0
DA:176,0
DA:178,0
DA:179,0
DA:185,0
DA:186,0
DA:192,0
DA:193,0
DA:201,0
DA:203,0
DA:214,0
DA:215,0
DA:224,0
DA:234,0
DA:235,0
DA:237,0
DA:238,0
DA:243,0
DA:249,0
DA:250,0
DA:259,0
DA:271,0
DA:279,0
DA:281,0
DA:283,0
DA:292,0
DA:293,0
DA:295,0
DA:296,0
DA:297,0
DA:298,0
DA:301,0
DA:302,0
DA:303,0
DA:304,0
DA:307,0
DA:308,0
DA:309,0
DA:310,0
DA:313,0
DA:314,0
DA:315,0
DA:316,0
DA:320,0
DA:321,0
DA:322,0
DA:325,0
DA:327,0
DA:328,0
DA:329,0
DA:331,0
DA:332,0
DA:333,0
DA:335,0
DA:337,0
DA:339,0
DA:352,0
DA:353,0
DA:362,0
DA:368,0
DA:369,0
DA:372,0
DA:379,0
DA:382,0
DA:387,0
DA:395,0
DA:397,0
DA:400,0
DA:405,0
DA:410,0
DA:416,0
DA:426,0
DA:427,0
DA:431,0
DA:433,0
DA:434,0
DA:441,0
DA:442,0
DA:445,0
DA:446,0
DA:453,0
DA:454,0
DA:457,0
DA:458,0
DA:465,0
DA:471,0
DA:472,0
DA:475,0
DA:481,0
DA:482,0
DA:488,0
DA:494,0
DA:495,0
DA:504,0
DA:507,0
DA:508,0
DA:510,0
DA:515,0
DA:516,0
DA:525,0
DA:537,0
DA:545,0
DA:547,0
DA:549,0
DA:562,0
DA:563,0
DA:565,0
DA:566,0
DA:567,0
DA:568,0
DA:571,0
DA:572,0
DA:573,0
DA:574,0
DA:577,0
DA:578,0
DA:579,0
DA:580,0
DA:583,0
DA:584,0
DA:585,0
DA:586,0
DA:590,0
DA:594,0
DA:595,0
DA:598,0
DA:600,0
DA:601,0
DA:602,0
DA:604,0
DA:605,0
DA:606,0
DA:608,0
DA:610,0
DA:612,0
DA:625,0
DA:626,0
DA:634,0
LF:190
LH:0
BRDA:20,0,0,0
BRDA:20,0,1,0
BRDA:43,1,0,0
BRDA:43,2,0,0
BRDA:47,3,0,0
BRDA:47,3,1,0
BRDA:55,4,0,0
BRDA:55,4,1,0
BRDA:62,5,0,0
BRDA:62,5,1,0
BRDA:94,6,0,0
BRDA:94,6,1,0
BRDA:95,7,0,0
BRDA:95,7,1,0
BRDA:97,8,0,0
BRDA:97,8,1,0
BRDA:103,9,0,0
BRDA:103,9,1,0
BRDA:104,10,0,0
BRDA:104,10,1,0
BRDA:106,11,0,0
BRDA:106,11,1,0
BRDA:109,12,0,0
BRDA:109,12,1,0
BRDA:110,13,0,0
BRDA:110,13,1,0
BRDA:112,14,0,0
BRDA:112,14,1,0
BRDA:121,15,0,0
BRDA:121,15,1,0
BRDA:121,16,0,0
BRDA:121,16,1,0
BRDA:134,17,0,0
BRDA:134,17,1,0
BRDA:140,18,0,0
BRDA:140,18,1,0
BRDA:172,19,0,0
BRDA:178,20,0,0
BRDA:178,20,1,0
BRDA:178,21,0,0
BRDA:178,21,1,0
BRDA:185,22,0,0
BRDA:185,22,1,0
BRDA:185,23,0,0
BRDA:185,23,1,0
BRDA:185,24,0,0
BRDA:185,24,1,0
BRDA:192,25,0,0
BRDA:192,25,1,0
BRDA:192,26,0,0
BRDA:192,26,1,0
BRDA:237,27,0,0
BRDA:237,27,1,0
BRDA:273,28,0,0
BRDA:274,29,0,0
BRDA:295,30,0,0
BRDA:295,30,1,0
BRDA:301,31,0,0
BRDA:301,31,1,0
BRDA:307,32,0,0
BRDA:307,32,1,0
BRDA:313,33,0,0
BRDA:313,33,1,0
BRDA:427,34,0,0
BRDA:431,35,0,0
BRDA:431,35,1,0
BRDA:431,35,2,0
BRDA:431,35,3,0
BRDA:433,36,0,0
BRDA:433,36,1,0
BRDA:445,37,0,0
BRDA:445,37,1,0
BRDA:457,38,0,0
BRDA:457,38,1,0
BRDA:481,39,0,0
BRDA:481,39,1,0
BRDA:481,40,0,0
BRDA:481,40,1,0
BRDA:490,41,0,0
BRDA:490,41,1,0
BRDA:539,42,0,0
BRDA:540,43,0,0
BRDA:565,44,0,0
BRDA:565,44,1,0
BRDA:571,45,0,0
BRDA:571,45,1,0
BRDA:577,46,0,0
BRDA:577,46,1,0
BRDA:583,47,0,0
BRDA:583,47,1,0
BRF:90
BRH:0
end_of_record
TN:
SF:src\routes\equipment.js
FN:9,(anonymous_0)
FN:19,(anonymous_1)
FNF:2
FNH:0
FNDA:0,(anonymous_0)
FNDA:0,(anonymous_1)
DA:1,0
DA:2,0
DA:3,0
DA:5,0
DA:6,0
DA:9,0
DA:10,0
DA:11,0
DA:12,0
DA:14,0
DA:19,0
DA:20,0
DA:21,0
DA:22,0
DA:23,0
DA:25,0
DA:29,0
LF:17
LH:0
BRF:0
BRH:0
end_of_record
TN:
SF:src\routes\meterReadings-test.js
FN:8,(anonymous_0)
FN:46,(anonymous_1)
FN:194,(anonymous_2)
FNF:3
FNH:0
FNDA:0,(anonymous_0)
FNDA:0,(anonymous_1)
FNDA:0,(anonymous_2)
DA:1,0
DA:2,0
DA:3,0
DA:5,0
DA:8,0
DA:9,0
DA:11,0
DA:32,0
DA:37,0
DA:38,0
DA:46,0
DA:47,0
DA:48,0
DA:139,0
DA:178,0
DA:179,0
DA:187,0
DA:195,0
DA:196,0
DA:197,0
DA:198,0
DA:212,0
DA:215,0
DA:218,0
DA:219,0
DA:222,0
DA:223,0
DA:226,0
DA:227,0
DA:235,0
DA:247,0
DA:248,0
DA:255,0
LF:33
LH:0
BRDA:141,0,0,0
BRDA:141,0,1,0
BRDA:197,1,0,0
BRDA:197,1,1,0
BRDA:206,2,0,0
BRDA:207,3,0,0
BRDA:208,4,0,0
BRDA:209,5,0,0
BRDA:218,6,0,0
BRDA:218,6,1,0
BRDA:219,7,0,0
BRDA:219,7,1,0
BRDA:223,8,0,0
BRDA:223,8,1,0
BRF:14
BRH:0
end_of_record
TN:
SF:src\routes\meterReadings.js
FN:10,(anonymous_0)
FN:35,toFrontendReading
FN:121,(anonymous_2)
FN:138,(anonymous_3)
FN:175,(anonymous_4)
FN:211,(anonymous_5)
FN:216,(anonymous_6)
FN:232,(anonymous_7)
FN:244,(anonymous_8)
FN:257,(anonymous_9)
FN:290,(anonymous_10)
FN:323,(anonymous_11)
FNF:12
FNH:0
FNDA:0,(anonymous_0)
FNDA:0,toFrontendReading
FNDA:0,(anonymous_2)
FNDA:0,(anonymous_3)
FNDA:0,(anonymous_4)
FNDA:0,(anonymous_5)
FNDA:0,(anonymous_6)
FNDA:0,(anonymous_7)
FNDA:0,(anonymous_8)
FNDA:0,(anonymous_9)
FNDA:0,(anonymous_10)
FNDA:0,(anonymous_11)
DA:1,0
DA:2,0
DA:3,0
DA:4,0
DA:7,0
DA:10,0
DA:11,0
DA:12,0
DA:13,0
DA:14,0
DA:15,0
DA:17,0
DA:18,0
DA:19,0
DA:20,0
DA:21,0
DA:23,0
DA:25,0
DA:26,0
DA:31,0
DA:36,0
DA:38,0
DA:40,0
DA:121,0
DA:122,0
DA:124,0
DA:126,0
DA:127,0
DA:128,0
DA:131,0
DA:139,0
DA:140,0
DA:141,0
DA:142,0
DA:155,0
DA:157,0
DA:158,0
DA:159,0
DA:162,0
DA:166,0
DA:168,0
DA:174,0
DA:175,0
DA:176,0
DA:177,0
DA:178,0
DA:179,0
DA:180,0
DA:181,0
DA:182,0
DA:183,0
DA:186,0
DA:187,0
DA:189,0
DA:201,0
DA:202,0
DA:211,0
DA:212,0
DA:213,0
DA:214,0
DA:216,0
DA:217,0
DA:218,0
DA:219,0
DA:221,0
DA:223,0
DA:224,0
DA:232,0
DA:233,0
DA:235,0
DA:242,0
DA:244,0
DA:245,0
DA:247,0
DA:248,0
DA:257,0
DA:258,0
DA:260,0
DA:261,0
DA:263,0
DA:265,0
DA:266,0
DA:272,0
DA:277,0
DA:278,0
DA:286,0
DA:291,0
DA:292,0
DA:293,0
DA:294,0
DA:301,0
DA:302,0
DA:304,0
DA:310,0
DA:312,0
DA:314,0
DA:315,0
DA:323,0
DA:324,0
DA:326,0
DA:336,0
DA:337,0
DA:339,0
DA:351,0
DA:353,0
DA:354,0
DA:362,0
LF:107
LH:0
BRDA:12,0,0,0
BRDA:12,0,1,0
BRDA:13,1,0,0
BRDA:13,1,1,0
BRDA:14,2,0,0
BRDA:14,2,1,0
BRDA:19,3,0,0
BRDA:19,3,1,0
BRDA:21,4,0,0
BRDA:21,4,1,0
BRDA:26,5,0,0
BRDA:26,5,1,0
BRDA:36,6,0,0
BRDA:36,6,1,0
BRDA:38,7,0,0
BRDA:38,7,1,0
BRDA:38,8,0,0
BRDA:38,8,1,0
BRDA:45,9,0,0
BRDA:45,9,1,0
BRDA:45,9,2,0
BRDA:45,9,3,0
BRDA:48,10,0,0
BRDA:48,10,1,0
BRDA:49,11,0,0
BRDA:49,11,1,0
BRDA:49,11,2,0
BRDA:50,12,0,0
BRDA:50,12,1,0
BRDA:51,13,0,0
BRDA:51,13,1,0
BRDA:51,13,2,0
BRDA:52,14,0,0
BRDA:52,14,1,0
BRDA:55,15,0,0
BRDA:55,15,1,0
BRDA:56,16,0,0
BRDA:56,16,1,0
BRDA:57,17,0,0
BRDA:57,17,1,0
BRDA:58,18,0,0
BRDA:58,18,1,0
BRDA:59,19,0,0
BRDA:59,19,1,0
BRDA:60,20,0,0
BRDA:60,20,1,0
BRDA:61,21,0,0
BRDA:61,21,1,0
BRDA:61,22,0,0
BRDA:61,22,1,0
BRDA:62,23,0,0
BRDA:62,23,1,0
BRDA:62,24,0,0
BRDA:62,24,1,0
BRDA:63,25,0,0
BRDA:63,25,1,0
BRDA:63,26,0,0
BRDA:63,26,1,0
BRDA:66,27,0,0
BRDA:66,27,1,0
BRDA:67,28,0,0
BRDA:67,28,1,0
BRDA:68,29,0,0
BRDA:68,29,1,0
BRDA:69,30,0,0
BRDA:69,30,1,0
BRDA:70,31,0,0
BRDA:70,31,1,0
BRDA:71,32,0,0
BRDA:71,32,1,0
BRDA:71,32,2,0
BRDA:74,33,0,0
BRDA:74,33,1,0
BRDA:74,33,2,0
BRDA:75,34,0,0
BRDA:75,34,1,0
BRDA:75,34,2,0
BRDA:76,35,0,0
BRDA:76,35,1,0
BRDA:76,35,2,0
BRDA:77,36,0,0
BRDA:77,36,1,0
BRDA:77,36,2,0
BRDA:78,37,0,0
BRDA:78,37,1,0
BRDA:78,37,2,0
BRDA:79,38,0,0
BRDA:79,38,1,0
BRDA:79,38,2,0
BRDA:80,39,0,0
BRDA:80,39,1,0
BRDA:80,39,2,0
BRDA:81,40,0,0
BRDA:81,40,1,0
BRDA:81,40,2,0
BRDA:82,41,0,0
BRDA:82,41,1,0
BRDA:82,41,2,0
BRDA:83,42,0,0
BRDA:83,42,1,0
BRDA:84,43,0,0
BRDA:84,43,1,0
BRDA:85,44,0,0
BRDA:85,44,1,0
BRDA:88,45,0,0
BRDA:88,45,1,0
BRDA:89,46,0,0
BRDA:89,46,1,0
BRDA:90,47,0,0
BRDA:90,47,1,0
BRDA:91,48,0,0
BRDA:91,48,1,0
BRDA:91,49,0,0
BRDA:91,49,1,0
BRDA:92,50,0,0
BRDA:92,50,1,0
BRDA:93,51,0,0
BRDA:93,51,1,0
BRDA:96,52,0,0
BRDA:96,52,1,0
BRDA:97,53,0,0
BRDA:97,53,1,0
BRDA:98,54,0,0
BRDA:98,54,1,0
BRDA:99,55,0,0
BRDA:99,55,1,0
BRDA:100,56,0,0
BRDA:100,56,1,0
BRDA:101,57,0,0
BRDA:101,57,1,0
BRDA:102,58,0,0
BRDA:102,58,1,0
BRDA:103,59,0,0
BRDA:103,59,1,0
BRDA:104,60,0,0
BRDA:104,60,1,0
BRDA:105,61,0,0
BRDA:105,61,1,0
BRDA:106,62,0,0
BRDA:106,62,1,0
BRDA:107,63,0,0
BRDA:107,63,1,0
BRDA:108,64,0,0
BRDA:108,64,1,0
BRDA:109,65,0,0
BRDA:109,65,1,0
BRDA:110,66,0,0
BRDA:110,66,1,0
BRDA:111,67,0,0
BRDA:111,67,1,0
BRDA:112,68,0,0
BRDA:112,68,1,0
BRDA:113,69,0,0
BRDA:113,69,1,0
BRDA:114,70,0,0
BRDA:114,70,1,0
BRDA:117,71,0,0
BRDA:117,71,1,0
BRDA:117,71,2,0
BRDA:122,72,0,0
BRDA:122,72,1,0
BRDA:141,73,0,0
BRDA:141,73,1,0
BRDA:150,74,0,0
BRDA:151,75,0,0
BRDA:152,76,0,0
BRDA:153,77,0,0
BRDA:163,78,0,0
BRDA:163,78,1,0
BRDA:174,79,0,0
BRDA:174,79,1,0
BRDA:178,80,0,0
BRDA:178,80,1,0
BRDA:178,81,0,0
BRDA:178,81,1,0
BRDA:179,82,0,0
BRDA:179,82,1,0
BRDA:179,83,0,0
BRDA:179,83,1,0
BRDA:180,84,0,0
BRDA:180,84,1,0
BRDA:180,85,0,0
BRDA:180,85,1,0
BRDA:181,86,0,0
BRDA:181,86,1,0
BRDA:181,87,0,0
BRDA:181,87,1,0
BRDA:182,88,0,0
BRDA:182,88,1,0
BRDA:182,89,0,0
BRDA:182,89,1,0
BRDA:196,90,0,0
BRDA:196,90,1,0
BRDA:205,91,0,0
BRDA:205,91,1,0
BRDA:205,92,0,0
BRDA:205,92,1,0
BRDA:205,92,2,0
BRDA:213,93,0,0
BRDA:217,94,0,0
BRDA:217,94,1,0
BRDA:217,94,2,0
BRDA:218,95,0,0
BRDA:218,95,1,0
BRDA:218,95,2,0
BRDA:244,96,0,0
BRDA:244,96,1,0
BRDA:244,97,0,0
BRDA:244,97,1,0
BRDA:251,98,0,0
BRDA:251,98,1,0
BRDA:251,99,0,0
BRDA:251,99,1,0
BRDA:251,99,2,0
BRDA:260,100,0,0
BRDA:260,100,1,0
BRDA:260,101,0,0
BRDA:260,101,1,0
BRDA:260,101,2,0
BRDA:260,101,3,0
BRDA:265,102,0,0
BRDA:265,102,1,0
BRDA:293,103,0,0
BRDA:293,103,1,0
BRDA:302,104,0,0
BRDA:306,105,0,0
BRDA:306,105,1,0
BRDA:307,106,0,0
BRDA:307,106,1,0
BRDA:337,107,0,0
BRDA:337,107,1,0
BRDA:340,108,0,0
BRDA:340,108,1,0
BRDA:341,109,0,0
BRDA:341,109,1,0
BRDA:342,110,0,0
BRDA:342,110,1,0
BRDA:343,111,0,0
BRDA:343,111,1,0
BRDA:348,112,0,0
BRDA:348,112,1,0
BRDA:357,113,0,0
BRDA:357,113,1,0
BRDA:357,114,0,0
BRDA:357,114,1,0
BRDA:357,114,2,0
BRF:246
BRH:0
end_of_record
TN:
SF:src\routes\meters.js
FN:20,(anonymous_0)
FN:66,(anonymous_1)
FN:75,(anonymous_2)
FN:120,(anonymous_3)
FN:172,(anonymous_4)
FN:193,(anonymous_5)
FN:200,(anonymous_6)
FN:218,(anonymous_7)
FN:313,(anonymous_8)
FN:338,(anonymous_9)
FN:345,(anonymous_10)
FN:363,(anonymous_11)
FN:434,(anonymous_12)
FN:452,(anonymous_13)
FN:472,(anonymous_14)
FN:483,(anonymous_15)
FNF:16
FNH:0
FNDA:0,(anonymous_0)
FNDA:0,(anonymous_1)
FNDA:0,(anonymous_2)
FNDA:0,(anonymous_3)
FNDA:0,(anonymous_4)
FNDA:0,(anonymous_5)
FNDA:0,(anonymous_6)
FNDA:0,(anonymous_7)
FNDA:0,(anonymous_8)
FNDA:0,(anonymous_9)
FNDA:0,(anonymous_10)
FNDA:0,(anonymous_11)
FNDA:0,(anonymous_12)
FNDA:0,(anonymous_13)
FNDA:0,(anonymous_14)
FNDA:0,(anonymous_15)
DA:1,0
DA:2,0
DA:3,0
DA:4,0
DA:5,0
DA:7,0
DA:8,0
DA:11,0
DA:14,0
DA:21,0
DA:22,0
DA:23,0
DA:24,0
DA:39,0
DA:41,0
DA:42,0
DA:43,0
DA:46,0
DA:52,0
DA:55,0
DA:65,0
DA:66,0
DA:67,0
DA:68,0
DA:69,0
DA:70,0
DA:71,0
DA:74,0
DA:75,0
DA:92,0
DA:94,0
DA:110,0
DA:111,0
DA:120,0
DA:121,0
DA:122,0
DA:123,0
DA:124,0
DA:130,0
DA:146,0
DA:149,0
DA:150,0
DA:159,0
DA:173,0
DA:174,0
DA:175,0
DA:176,0
DA:185,0
DA:186,0
DA:187,0
DA:188,0
DA:189,0
DA:190,0
DA:192,0
DA:193,0
DA:194,0
DA:198,0
DA:200,0
DA:203,0
DA:204,0
DA:207,0
DA:211,0
DA:214,0
DA:216,0
DA:217,0
DA:218,0
DA:219,0
DA:220,0
DA:223,0
DA:229,0
DA:246,0
DA:247,0
DA:251,0
DA:253,0
DA:268,0
DA:275,0
DA:277,0
DA:278,0
DA:284,0
DA:285,0
DA:291,0
DA:300,0
DA:314,0
DA:315,0
DA:316,0
DA:317,0
DA:324,0
DA:325,0
DA:326,0
DA:330,0
DA:331,0
DA:332,0
DA:333,0
DA:334,0
DA:335,0
DA:337,0
DA:338,0
DA:339,0
DA:343,0
DA:345,0
DA:348,0
DA:349,0
DA:352,0
DA:356,0
DA:359,0
DA:361,0
DA:362,0
DA:363,0
DA:364,0
DA:365,0
DA:368,0
DA:374,0
DA:390,0
DA:392,0
DA:406,0
DA:409,0
DA:411,0
DA:412,0
DA:418,0
DA:419,0
DA:425,0
DA:434,0
DA:435,0
DA:436,0
DA:437,0
DA:438,0
DA:441,0
DA:443,0
DA:446,0
DA:447,0
DA:452,0
DA:453,0
DA:454,0
DA:455,0
DA:456,0
DA:460,0
DA:466,0
DA:467,0
DA:472,0
DA:473,0
DA:474,0
DA:475,0
DA:481,0
DA:483,0
DA:493,0
DA:500,0
DA:501,0
DA:509,0
LF:148
LH:0
BRDA:23,0,0,0
BRDA:23,0,1,0
BRDA:32,1,0,0
BRDA:33,2,0,0
BRDA:34,3,0,0
BRDA:35,4,0,0
BRDA:47,5,0,0
BRDA:47,5,1,0
BRDA:49,6,0,0
BRDA:49,6,1,0
BRDA:49,7,0,0
BRDA:49,7,1,0
BRDA:65,8,0,0
BRDA:65,8,1,0
BRDA:67,9,0,0
BRDA:67,9,1,0
BRDA:68,10,0,0
BRDA:68,10,1,0
BRDA:69,11,0,0
BRDA:69,11,1,0
BRDA:69,12,0,0
BRDA:69,12,1,0
BRDA:70,13,0,0
BRDA:70,13,1,0
BRDA:70,14,0,0
BRDA:70,14,1,0
BRDA:79,15,0,0
BRDA:79,15,1,0
BRDA:80,16,0,0
BRDA:80,16,1,0
BRDA:86,17,0,0
BRDA:86,17,1,0
BRDA:92,18,0,0
BRDA:92,18,1,0
BRDA:123,19,0,0
BRDA:123,19,1,0
BRDA:134,20,0,0
BRDA:134,20,1,0
BRDA:135,21,0,0
BRDA:135,21,1,0
BRDA:141,22,0,0
BRDA:141,22,1,0
BRDA:175,23,0,0
BRDA:175,23,1,0
BRDA:185,24,0,0
BRDA:185,24,1,0
BRDA:186,25,0,0
BRDA:186,25,1,0
BRDA:186,26,0,0
BRDA:186,26,1,0
BRDA:186,26,2,0
BRDA:187,27,0,0
BRDA:187,27,1,0
BRDA:188,28,0,0
BRDA:188,28,1,0
BRDA:188,29,0,0
BRDA:188,29,1,0
BRDA:189,30,0,0
BRDA:189,30,1,0
BRDA:194,31,0,0
BRDA:194,31,1,0
BRDA:194,31,2,0
BRDA:194,31,3,0
BRDA:198,32,0,0
BRDA:198,32,1,0
BRDA:198,33,0,0
BRDA:198,33,1,0
BRDA:203,34,0,0
BRDA:203,34,1,0
BRDA:216,35,0,0
BRDA:216,35,1,0
BRDA:219,36,0,0
BRDA:219,36,1,0
BRDA:230,37,0,0
BRDA:230,37,1,0
BRDA:231,38,0,0
BRDA:231,38,1,0
BRDA:234,39,0,0
BRDA:234,39,1,0
BRDA:235,40,0,0
BRDA:235,40,1,0
BRDA:236,41,0,0
BRDA:236,41,1,0
BRDA:237,42,0,0
BRDA:237,42,1,0
BRDA:238,43,0,0
BRDA:238,43,1,0
BRDA:239,44,0,0
BRDA:239,44,1,0
BRDA:239,44,2,0
BRDA:240,45,0,0
BRDA:240,45,1,0
BRDA:241,46,0,0
BRDA:241,46,1,0
BRDA:242,47,0,0
BRDA:242,47,1,0
BRDA:243,48,0,0
BRDA:243,48,1,0
BRDA:246,49,0,0
BRDA:246,49,1,0
BRDA:256,50,0,0
BRDA:256,50,1,0
BRDA:258,51,0,0
BRDA:258,51,1,0
BRDA:259,52,0,0
BRDA:259,52,1,0
BRDA:265,53,0,0
BRDA:265,53,1,0
BRDA:277,54,0,0
BRDA:277,54,1,0
BRDA:284,55,0,0
BRDA:284,55,1,0
BRDA:316,56,0,0
BRDA:316,56,1,0
BRDA:325,57,0,0
BRDA:325,57,1,0
BRDA:330,58,0,0
BRDA:330,58,1,0
BRDA:331,59,0,0
BRDA:331,59,1,0
BRDA:331,60,0,0
BRDA:331,60,1,0
BRDA:331,60,2,0
BRDA:332,61,0,0
BRDA:332,61,1,0
BRDA:333,62,0,0
BRDA:333,62,1,0
BRDA:333,63,0,0
BRDA:333,63,1,0
BRDA:334,64,0,0
BRDA:334,64,1,0
BRDA:339,65,0,0
BRDA:339,65,1,0
BRDA:339,65,2,0
BRDA:339,65,3,0
BRDA:343,66,0,0
BRDA:343,66,1,0
BRDA:343,67,0,0
BRDA:343,67,1,0
BRDA:348,68,0,0
BRDA:348,68,1,0
BRDA:361,69,0,0
BRDA:361,69,1,0
BRDA:364,70,0,0
BRDA:364,70,1,0
BRDA:375,71,0,0
BRDA:375,71,1,0
BRDA:378,72,0,0
BRDA:378,72,1,0
BRDA:383,73,0,0
BRDA:383,73,1,0
BRDA:396,74,0,0
BRDA:396,74,1,0
BRDA:397,75,0,0
BRDA:397,75,1,0
BRDA:403,76,0,0
BRDA:403,76,1,0
BRDA:411,77,0,0
BRDA:411,77,1,0
BRDA:418,78,0,0
BRDA:418,78,1,0
BRDA:437,79,0,0
BRDA:437,79,1,0
BRDA:455,80,0,0
BRDA:455,80,1,0
BRDA:487,81,0,0
BRDA:487,81,1,0
BRDA:488,82,0,0
BRDA:488,82,1,0
BRDA:489,83,0,0
BRDA:489,83,1,0
BRF:171
BRH:0
end_of_record
TN:
SF:src\routes\modbus.js
FN:10,(anonymous_0)
FN:57,(anonymous_1)
FN:155,(anonymous_2)
FN:200,(anonymous_3)
FNF:4
FNH:0
FNDA:0,(anonymous_0)
FNDA:0,(anonymous_1)
FNDA:0,(anonymous_2)
FNDA:0,(anonymous_3)
DA:1,0
DA:2,0
DA:3,0
DA:4,0
DA:10,0
DA:11,0
DA:12,0
DA:14,0
DA:15,0
DA:22,0
DA:23,0
DA:24,0
DA:30,0
DA:32,0
DA:44,0
DA:45,0
DA:57,0
DA:58,0
DA:65,0
DA:67,0
DA:68,0
DA:75,0
DA:100,0
DA:106,0
DA:108,0
DA:110,0
DA:126,0
DA:134,0
DA:142,0
DA:143,0
DA:155,0
DA:156,0
DA:164,0
DA:166,0
DA:167,0
DA:174,0
DA:175,0
DA:178,0
DA:181,0
DA:187,0
DA:188,0
DA:200,0
DA:201,0
DA:202,0
DA:238,0
DA:244,0
DA:245,0
DA:253,0
LF:48
LH:0
BRDA:12,0,0,0
BRDA:12,1,0,0
BRDA:14,2,0,0
BRDA:14,2,1,0
BRDA:23,3,0,0
BRDA:23,3,1,0
BRDA:61,4,0,0
BRDA:62,5,0,0
BRDA:63,6,0,0
BRDA:67,7,0,0
BRDA:67,7,1,0
BRDA:103,8,0,0
BRDA:103,8,1,0
BRDA:103,8,2,0
BRDA:108,9,0,0
BRDA:108,9,1,0
BRDA:113,10,0,0
BRDA:113,10,1,0
BRDA:114,11,0,0
BRDA:114,11,1,0
BRDA:115,12,0,0
BRDA:115,12,1,0
BRDA:116,13,0,0
BRDA:116,13,1,0
BRDA:117,14,0,0
BRDA:117,14,1,0
BRDA:118,15,0,0
BRDA:118,15,1,0
BRDA:161,16,0,0
BRDA:162,17,0,0
BRDA:163,18,0,0
BRDA:166,19,0,0
BRDA:166,19,1,0
BRDA:166,20,0,0
BRDA:166,20,1,0
BRDA:166,20,2,0
BRDA:174,21,0,0
BRDA:174,21,1,0
BRF:38
BRH:0
end_of_record
TN:
SF:src\routes\settings.js
FN:9,(anonymous_0)
FN:30,(anonymous_1)
FN:53,(anonymous_2)
FNF:3
FNH:0
FNDA:0,(anonymous_0)
FNDA:0,(anonymous_1)
FNDA:0,(anonymous_2)
DA:1,0
DA:2,0
DA:3,0
DA:5,0
DA:6,0
DA:9,0
DA:10,0
DA:11,0
DA:12,0
DA:13,0
DA:15,0
DA:20,0
DA:21,0
DA:30,0
DA:31,0
DA:32,0
DA:33,0
DA:34,0
DA:36,0
DA:42,0
DA:44,0
DA:53,0
DA:54,0
DA:55,0
DA:57,0
DA:62,0
DA:63,0
DA:71,0
LF:28
LH:0
BRDA:13,0,0,0
BRDA:13,0,1,0
BRF:2
BRH:0
end_of_record
TN:
SF:src\routes\templates.js
FN:11,(anonymous_0)
FN:37,(anonymous_1)
FN:66,(anonymous_2)
FN:94,(anonymous_3)
FN:111,(anonymous_4)
FN:134,(anonymous_5)
FN:169,(anonymous_6)
FN:205,(anonymous_7)
FN:242,(anonymous_8)
FN:276,(anonymous_9)
FN:310,(anonymous_10)
FN:347,(anonymous_11)
FN:369,(anonymous_12)
FN:402,(anonymous_13)
FN:434,(anonymous_14)
FN:468,(anonymous_15)
FN:497,(anonymous_16)
FN:499,(anonymous_17)
FN:500,(anonymous_18)
FN:544,(anonymous_19)
FN:576,(anonymous_20)
FN:609,(anonymous_21)
FN:648,(anonymous_22)
FN:710,(anonymous_23)
FN:735,(anonymous_24)
FN:761,(anonymous_25)
FN:765,(anonymous_26)
FNF:27
FNH:0
FNDA:0,(anonymous_0)
FNDA:0,(anonymous_1)
FNDA:0,(anonymous_2)
FNDA:0,(anonymous_3)
FNDA:0,(anonymous_4)
FNDA:0,(anonymous_5)
FNDA:0,(anonymous_6)
FNDA:0,(anonymous_7)
FNDA:0,(anonymous_8)
FNDA:0,(anonymous_9)
FNDA:0,(anonymous_10)
FNDA:0,(anonymous_11)
FNDA:0,(anonymous_12)
FNDA:0,(anonymous_13)
FNDA:0,(anonymous_14)
FNDA:0,(anonymous_15)
FNDA:0,(anonymous_16)
FNDA:0,(anonymous_17)
FNDA:0,(anonymous_18)
FNDA:0,(anonymous_19)
FNDA:0,(anonymous_20)
FNDA:0,(anonymous_21)
FNDA:0,(anonymous_22)
FNDA:0,(anonymous_23)
FNDA:0,(anonymous_24)
FNDA:0,(anonymous_25)
FNDA:0,(anonymous_26)
DA:1,0
DA:2,0
DA:3,0
DA:4,0
DA:5,0
DA:7,0
DA:8,0
DA:11,0
DA:12,0
DA:13,0
DA:14,0
DA:20,0
DA:24,0
DA:38,0
DA:39,0
DA:41,0
DA:42,0
DA:48,0
DA:54,0
DA:55,0
DA:64,0
DA:67,0
DA:68,0
DA:70,0
DA:71,0
DA:76,0
DA:82,0
DA:83,0
DA:92,0
DA:95,0
DA:96,0
DA:97,0
DA:99,0
DA:100,0
DA:109,0
DA:112,0
DA:113,0
DA:114,0
DA:116,0
DA:117,0
DA:126,0
DA:135,0
DA:136,0
DA:141,0
DA:142,0
DA:147,0
DA:153,0
DA:154,0
DA:163,0
DA:170,0
DA:171,0
DA:173,0
DA:174,0
DA:179,0
DA:185,0
DA:186,0
DA:195,0
DA:206,0
DA:207,0
DA:209,0
DA:210,0
DA:216,0
DA:222,0
DA:223,0
DA:232,0
DA:243,0
DA:244,0
DA:246,0
DA:247,0
DA:253,0
DA:259,0
DA:260,0
DA:269,0
DA:277,0
DA:278,0
DA:280,0
DA:281,0
DA:287,0
DA:293,0
DA:294,0
DA:303,0
DA:311,0
DA:312,0
DA:314,0
DA:315,0
DA:321,0
DA:327,0
DA:328,0
DA:337,0
DA:348,0
DA:349,0
DA:350,0
DA:352,0
DA:353,0
DA:362,0
DA:370,0
DA:371,0
DA:373,0
DA:374,0
DA:379,0
DA:385,0
DA:386,0
DA:395,0
DA:403,0
DA:404,0
DA:406,0
DA:407,0
DA:412,0
DA:418,0
DA:419,0
DA:428,0
DA:435,0
DA:436,0
DA:438,0
DA:439,0
DA:444,0
DA:450,0
DA:451,0
DA:460,0
DA:469,0
DA:470,0
DA:473,0
DA:475,0
DA:476,0
DA:478,0
DA:479,0
DA:482,0
DA:483,0
DA:490,0
DA:491,0
DA:492,0
DA:493,0
DA:496,0
DA:497,0
DA:499,0
DA:500,0
DA:504,0
DA:506,0
DA:512,0
DA:513,0
DA:519,0
DA:525,0
DA:526,0
DA:535,0
DA:545,0
DA:546,0
DA:548,0
DA:549,0
DA:554,0
DA:560,0
DA:561,0
DA:570,0
DA:577,0
DA:578,0
DA:580,0
DA:581,0
DA:587,0
DA:593,0
DA:594,0
DA:603,0
DA:610,0
DA:611,0
DA:613,0
DA:614,0
DA:620,0
DA:622,0
DA:631,0
DA:632,0
DA:641,0
DA:649,0
DA:650,0
DA:651,0
DA:652,0
DA:653,0
DA:654,0
DA:656,0
DA:657,0
DA:659,0
DA:664,0
DA:665,0
DA:667,0
DA:673,0
DA:674,0
DA:675,0
DA:677,0
DA:678,0
DA:682,0
DA:686,0
DA:688,0
DA:689,0
DA:690,0
DA:692,0
DA:693,0
DA:697,0
DA:698,0
DA:702,0
DA:710,0
DA:717,0
DA:718,0
DA:727,0
DA:736,0
DA:737,0
DA:739,0
DA:740,0
DA:741,0
DA:743,0
DA:750,0
DA:751,0
DA:757,0
DA:760,0
DA:761,0
DA:765,0
DA:773,0
DA:785,0
DA:786,0
DA:794,0
LF:216
LH:0
BRDA:13,0,0,0
BRDA:13,0,1,0
BRDA:41,1,0,0
BRDA:41,1,1,0
BRDA:70,2,0,0
BRDA:70,2,1,0
BRDA:141,3,0,0
BRDA:141,3,1,0
BRDA:173,4,0,0
BRDA:173,4,1,0
BRDA:209,5,0,0
BRDA:209,5,1,0
BRDA:246,6,0,0
BRDA:246,6,1,0
BRDA:280,7,0,0
BRDA:280,7,1,0
BRDA:314,8,0,0
BRDA:314,8,1,0
BRDA:373,9,0,0
BRDA:373,9,1,0
BRDA:406,10,0,0
BRDA:406,10,1,0
BRDA:438,11,0,0
BRDA:438,11,1,0
BRDA:473,12,0,0
BRDA:473,12,1,0
BRDA:473,12,2,0
BRDA:473,12,3,0
BRDA:482,13,0,0
BRDA:482,13,1,0
BRDA:512,14,0,0
BRDA:512,14,1,0
BRDA:548,15,0,0
BRDA:548,15,1,0
BRDA:580,16,0,0
BRDA:580,16,1,0
BRDA:613,17,0,0
BRDA:613,17,1,0
BRDA:620,18,0,0
BRDA:620,18,1,0
BRDA:625,19,0,0
BRDA:625,19,1,0
BRDA:627,20,0,0
BRDA:627,20,1,0
BRDA:650,21,0,0
BRDA:664,22,0,0
BRDA:664,22,1,0
BRDA:664,23,0,0
BRDA:664,23,1,0
BRDA:665,24,0,0
BRDA:665,24,1,0
BRDA:673,25,0,0
BRDA:673,25,1,0
BRDA:688,26,0,0
BRDA:688,26,1,0
BRDA:698,27,0,0
BRDA:698,27,1,0
BRDA:737,28,0,0
BRDA:737,29,0,0
BRDA:740,30,0,0
BRDA:740,30,1,0
BRDA:741,31,0,0
BRDA:741,31,1,0
BRDA:750,32,0,0
BRDA:750,32,1,0
BRDA:760,33,0,0
BRDA:760,33,1,0
BRDA:770,34,0,0
BRDA:770,34,1,0
BRF:69
BRH:0
end_of_record
TN:
SF:src\routes\threading.js
FN:11,initializeThreadingService
FN:18,ensureThreadingService
FN:33,(anonymous_2)
FN:62,(anonymous_3)
FN:98,(anonymous_4)
FN:126,(anonymous_5)
FN:164,(anonymous_6)
FN:194,(anonymous_7)
FN:223,(anonymous_8)
FN:245,(anonymous_9)
FN:289,(anonymous_10)
FN:330,(anonymous_11)
FN:357,(anonymous_12)
FN:385,(anonymous_13)
FN:417,(anonymous_14)
FN:442,(anonymous_15)
FN:470,(anonymous_16)
FNF:17
FNH:0
FNDA:0,initializeThreadingService
FNDA:0,ensureThreadingService
FNDA:0,(anonymous_2)
FNDA:0,(anonymous_3)
FNDA:0,(anonymous_4)
FNDA:0,(anonymous_5)
FNDA:0,(anonymous_6)
FNDA:0,(anonymous_7)
FNDA:0,(anonymous_8)
FNDA:0,(anonymous_9)
FNDA:0,(anonymous_10)
FNDA:0,(anonymous_11)
FNDA:0,(anonymous_12)
FNDA:0,(anonymous_13)
FNDA:0,(anonymous_14)
FNDA:0,(anonymous_15)
FNDA:0,(anonymous_16)
DA:1,0
DA:2,0
DA:5,0
DA:12,0
DA:19,0
DA:20,0
DA:26,0
DA:33,0
DA:34,0
DA:35,0
DA:37,0
DA:49,0
DA:50,0
DA:62,0
DA:63,0
DA:64,0
DA:66,0
DA:68,0
DA:69,0
DA:78,0
DA:85,0
DA:86,0
DA:98,0
DA:99,0
DA:100,0
DA:102,0
DA:104,0
DA:113,0
DA:114,0
DA:126,0
DA:127,0
DA:128,0
DA:130,0
DA:132,0
DA:133,0
DA:144,0
DA:151,0
DA:152,0
DA:164,0
DA:165,0
DA:166,0
DA:168,0
DA:181,0
DA:182,0
DA:194,0
DA:195,0
DA:196,0
DA:198,0
DA:210,0
DA:211,0
DA:223,0
DA:224,0
DA:225,0
DA:227,0
DA:232,0
DA:233,0
DA:245,0
DA:246,0
DA:247,0
DA:249,0
DA:250,0
DA:256,0
DA:258,0
DA:259,0
DA:268,0
DA:276,0
DA:277,0
DA:289,0
DA:290,0
DA:291,0
DA:293,0
DA:294,0
DA:300,0
DA:307,0
DA:317,0
DA:318,0
DA:330,0
DA:331,0
DA:332,0
DA:334,0
DA:344,0
DA:345,0
DA:357,0
DA:358,0
DA:359,0
DA:361,0
DA:363,0
DA:372,0
DA:373,0
DA:385,0
DA:386,0
DA:387,0
DA:389,0
DA:395,0
DA:404,0
DA:405,0
DA:417,0
DA:418,0
DA:419,0
DA:421,0
DA:429,0
DA:430,0
DA:442,0
DA:443,0
DA:444,0
DA:446,0
DA:457,0
DA:458,0
DA:470,0
DA:471,0
DA:472,0
DA:474,0
DA:480,0
DA:489,0
DA:490,0
DA:498,0
LF:116
LH:0
BRDA:19,0,0,0
BRDA:19,0,1,0
BRDA:68,1,0,0
BRDA:68,1,1,0
BRDA:100,2,0,0
BRDA:128,3,0,0
BRDA:132,4,0,0
BRDA:132,4,1,0
BRDA:171,5,0,0
BRDA:171,5,1,0
BRDA:249,6,0,0
BRDA:249,6,1,0
BRDA:258,7,0,0
BRDA:258,7,1,0
BRDA:291,8,0,0
BRDA:293,9,0,0
BRDA:293,9,1,0
BRDA:359,10,0,0
BRDA:387,11,0,0
BRDA:472,12,0,0
BRDA:477,13,0,0
BRDA:477,13,1,0
BRF:22
BRH:0
end_of_record
TN:
SF:src\routes\upload.js
FN:12,(anonymous_0)
FN:50,(anonymous_1)
FNF:2
FNH:0
FNDA:0,(anonymous_0)
FNDA:0,(anonymous_1)
DA:1,0
DA:2,0
DA:3,0
DA:4,0
DA:6,0
DA:9,0
DA:12,0
DA:13,0
DA:14,0
DA:15,0
DA:21,0
DA:23,0
DA:35,0
DA:38,0
DA:39,0
DA:42,0
DA:50,0
DA:51,0
DA:52,0
DA:55,0
DA:56,0
DA:62,0
DA:63,0
DA:65,0
DA:70,0
DA:71,0
DA:78,0
LF:27
LH:0
BRDA:14,0,0,0
BRDA:14,0,1,0
BRDA:38,1,0,0
BRDA:38,1,1,0
BRDA:55,2,0,0
BRDA:55,2,1,0
BRDA:55,3,0,0
BRDA:55,3,1,0
BRDA:55,3,2,0
BRDA:55,3,3,0
BRF:10
BRH:0
end_of_record
TN:
SF:src\routes\users.js
FN:18,(anonymous_0)
FN:83,(anonymous_1)
FN:115,(anonymous_2)
FN:149,(anonymous_3)
FN:195,(anonymous_4)
FN:246,(anonymous_5)
FNF:6
FNH:0
FNDA:0,(anonymous_0)
FNDA:0,(anonymous_1)
FNDA:0,(anonymous_2)
FNDA:0,(anonymous_3)
FNDA:0,(anonymous_4)
FNDA:0,(anonymous_5)
DA:1,0
DA:2,0
DA:3,0
DA:4,0
DA:6,0
DA:9,0
DA:12,0
DA:19,0
DA:20,0
DA:21,0
DA:22,0
DA:37,0
DA:40,0
DA:43,0
DA:44,0
DA:47,0
DA:52,0
DA:53,0
DA:62,0
DA:74,0
DA:75,0
DA:83,0
DA:84,0
DA:85,0
DA:87,0
DA:88,0
DA:94,0
DA:99,0
DA:100,0
DA:108,0
DA:116,0
DA:117,0
DA:118,0
DA:119,0
DA:126,0
DA:128,0
DA:134,0
DA:135,0
DA:143,0
DA:150,0
DA:151,0
DA:152,0
DA:153,0
DA:161,0
DA:162,0
DA:165,0
DA:167,0
DA:168,0
DA:175,0
DA:177,0
DA:183,0
DA:184,0
DA:192,0
DA:196,0
DA:197,0
DA:198,0
DA:199,0
DA:206,0
DA:207,0
DA:210,0
DA:211,0
DA:212,0
DA:219,0
DA:220,0
DA:221,0
DA:222,0
DA:230,0
DA:232,0
DA:237,0
DA:238,0
DA:246,0
DA:247,0
DA:249,0
DA:251,0
DA:252,0
DA:259,0
DA:261,0
DA:266,0
DA:267,0
DA:274,0
LF:80
LH:0
BRDA:21,0,0,0
BRDA:21,0,1,0
BRDA:30,1,0,0
BRDA:31,2,0,0
BRDA:32,3,0,0
BRDA:33,4,0,0
BRDA:43,5,0,0
BRDA:43,5,1,0
BRDA:44,6,0,0
BRDA:44,6,1,0
BRDA:47,7,0,0
BRDA:47,7,1,0
BRDA:87,8,0,0
BRDA:87,8,1,0
BRDA:118,9,0,0
BRDA:118,9,1,0
BRDA:152,10,0,0
BRDA:152,10,1,0
BRDA:167,11,0,0
BRDA:167,11,1,0
BRDA:198,12,0,0
BRDA:198,12,1,0
BRDA:211,13,0,0
BRDA:211,13,1,0
BRDA:219,14,0,0
BRDA:219,14,1,0
BRDA:219,15,0,0
BRDA:219,15,1,0
BRDA:221,16,0,0
BRDA:221,16,1,0
BRDA:251,17,0,0
BRDA:251,17,1,0
BRF:32
BRH:0
end_of_record
TN:
SF:src\services\EmailService.js
FN:12,(anonymous_0)
FN:21,(anonymous_1)
FN:67,(anonymous_2)
FN:96,(anonymous_3)
FN:126,(anonymous_4)
FN:144,(anonymous_5)
FN:204,(anonymous_6)
FN:267,(anonymous_7)
FN:282,(anonymous_8)
FN:303,(anonymous_9)
FN:314,(anonymous_10)
FN:315,(anonymous_11)
FN:331,(anonymous_12)
FN:346,(anonymous_13)
FN:372,(anonymous_14)
FN:436,(anonymous_15)
FN:474,(anonymous_16)
FN:479,(anonymous_17)
FN:487,(anonymous_18)
FN:488,(anonymous_19)
FN:494,(anonymous_20)
FNF:21
FNH:0
FNDA:0,(anonymous_0)
FNDA:0,(anonymous_1)
FNDA:0,(anonymous_2)
FNDA:0,(anonymous_3)
FNDA:0,(anonymous_4)
FNDA:0,(anonymous_5)
FNDA:0,(anonymous_6)
FNDA:0,(anonymous_7)
FNDA:0,(anonymous_8)
FNDA:0,(anonymous_9)
FNDA:0,(anonymous_10)
FNDA:0,(anonymous_11)
FNDA:0,(anonymous_12)
FNDA:0,(anonymous_13)
FNDA:0,(anonymous_14)
FNDA:0,(anonymous_15)
FNDA:0,(anonymous_16)
FNDA:0,(anonymous_17)
FNDA:0,(anonymous_18)
FNDA:0,(anonymous_19)
FNDA:0,(anonymous_20)
DA:6,0
DA:7,0
DA:8,0
DA:9,0
DA:13,0
DA:14,0
DA:15,0
DA:22,0
DA:24,0
DA:27,0
DA:28,0
DA:29,0
DA:33,0
DA:49,0
DA:50,0
DA:53,0
DA:54,0
DA:56,0
DA:58,0
DA:59,0
DA:60,0
DA:68,0
DA:97,0
DA:100,0
DA:101,0
DA:103,0
DA:104,0
DA:105,0
DA:106,0
DA:110,0
DA:111,0
DA:113,0
DA:114,0
DA:117,0
DA:127,0
DA:128,0
DA:131,0
DA:132,0
DA:133,0
DA:134,0
DA:136,0
DA:137,0
DA:145,0
DA:146,0
DA:147,0
DA:151,0
DA:156,0
DA:157,0
DA:160,0
DA:163,0
DA:171,0
DA:172,0
DA:173,0
DA:174,0
DA:175,0
DA:178,0
DA:182,0
DA:192,0
DA:205,0
DA:206,0
DA:207,0
DA:211,0
DA:225,0
DA:226,0
DA:230,0
DA:233,0
DA:241,0
DA:249,0
DA:257,0
DA:272,0
DA:274,0
DA:275,0
DA:277,0
DA:278,0
DA:279,0
DA:282,0
DA:283,0
DA:284,0
DA:288,0
DA:290,0
DA:299,0
DA:300,0
DA:303,0
DA:304,0
DA:305,0
DA:309,0
DA:310,0
DA:314,0
DA:315,0
DA:317,0
DA:319,0
DA:332,0
DA:333,0
DA:336,0
DA:337,0
DA:339,0
DA:347,0
DA:348,0
DA:353,0
DA:362,0
DA:364,0
DA:373,0
DA:379,0
DA:381,0
DA:390,0
DA:391,0
DA:393,0
DA:394,0
DA:395,0
DA:396,0
DA:399,0
DA:400,0
DA:401,0
DA:402,0
DA:405,0
DA:406,0
DA:407,0
DA:408,0
DA:411,0
DA:413,0
DA:414,0
DA:415,0
DA:416,0
DA:419,0
DA:421,0
DA:426,0
DA:437,0
DA:438,0
DA:450,0
DA:451,0
DA:452,0
DA:453,0
DA:455,0
DA:456,0
DA:457,0
DA:461,0
DA:463,0
DA:475,0
DA:476,0
DA:480,0
DA:481,0
DA:482,0
DA:484,0
DA:488,0
DA:495,0
DA:496,0
DA:497,0
DA:499,0
DA:500,0
DA:505,0
DA:507,0
LF:151
LH:0
BRDA:21,0,0,0
BRDA:24,1,0,0
BRDA:24,1,1,0
BRDA:28,2,0,0
BRDA:28,2,1,0
BRDA:41,3,0,0
BRDA:41,3,1,0
BRDA:42,4,0,0
BRDA:42,4,1,0
BRDA:43,5,0,0
BRDA:43,5,1,0
BRDA:44,6,0,0
BRDA:44,6,1,0
BRDA:45,7,0,0
BRDA:45,7,1,0
BRDA:49,8,0,0
BRDA:49,8,1,0
BRDA:70,9,0,0
BRDA:70,9,1,0
BRDA:71,10,0,0
BRDA:71,10,1,0
BRDA:73,11,0,0
BRDA:73,11,1,0
BRDA:74,12,0,0
BRDA:74,12,1,0
BRDA:77,13,0,0
BRDA:77,13,1,0
BRDA:78,14,0,0
BRDA:78,14,1,0
BRDA:81,15,0,0
BRDA:81,15,1,0
BRDA:82,16,0,0
BRDA:82,16,1,0
BRDA:83,17,0,0
BRDA:83,17,1,0
BRDA:87,18,0,0
BRDA:87,18,1,0
BRDA:100,19,0,0
BRDA:100,19,1,0
BRDA:103,20,0,0
BRDA:103,20,1,0
BRDA:104,21,0,0
BRDA:104,21,1,0
BRDA:105,22,0,0
BRDA:105,22,1,0
BRDA:106,23,0,0
BRDA:106,23,1,0
BRDA:110,24,0,0
BRDA:110,24,1,0
BRDA:113,25,0,0
BRDA:113,25,1,0
BRDA:114,26,0,0
BRDA:114,26,1,0
BRDA:127,27,0,0
BRDA:127,27,1,0
BRDA:144,28,0,0
BRDA:144,29,0,0
BRDA:146,30,0,0
BRDA:146,30,1,0
BRDA:156,31,0,0
BRDA:156,31,1,0
BRDA:171,32,0,0
BRDA:171,32,1,0
BRDA:174,33,0,0
BRDA:174,33,1,0
BRDA:186,34,0,0
BRDA:186,34,1,0
BRDA:196,35,0,0
BRDA:196,35,1,0
BRDA:206,36,0,0
BRDA:206,36,1,0
BRDA:213,37,0,0
BRDA:213,37,1,0
BRDA:218,38,0,0
BRDA:218,38,1,0
BRDA:219,39,0,0
BRDA:219,39,1,0
BRDA:220,40,0,0
BRDA:220,40,1,0
BRDA:225,41,0,0
BRDA:225,41,1,0
BRDA:225,42,0,0
BRDA:225,42,1,0
BRDA:267,43,0,0
BRDA:269,44,0,0
BRDA:270,45,0,0
BRDA:271,46,0,0
BRDA:284,47,0,0
BRDA:284,47,1,0
BRDA:304,48,0,0
BRDA:304,48,1,0
BRDA:304,49,0,0
BRDA:304,49,1,0
BRDA:309,50,0,0
BRDA:309,50,1,0
BRDA:309,51,0,0
BRDA:309,51,1,0
BRDA:336,52,0,0
BRDA:336,52,1,0
BRDA:355,53,0,0
BRDA:355,53,1,0
BRDA:358,54,0,0
BRDA:358,54,1,0
BRDA:359,55,0,0
BRDA:359,55,1,0
BRDA:372,56,0,0
BRDA:378,57,0,0
BRDA:393,58,0,0
BRDA:393,58,1,0
BRDA:399,59,0,0
BRDA:399,59,1,0
BRDA:405,60,0,0
BRDA:405,60,1,0
BRDA:413,61,0,0
BRDA:413,61,1,0
BRDA:442,62,0,0
BRDA:442,62,1,0
BRDA:443,63,0,0
BRDA:443,63,1,0
BRDA:444,64,0,0
BRDA:444,64,1,0
BRDA:450,65,0,0
BRDA:450,65,1,0
BRDA:495,66,0,0
BRDA:495,66,1,0
BRF:125
BRH:0
end_of_record
TN:
SF:src\services\EmailTemplateSeeder.js
FN:12,(anonymous_0)
FN:105,(anonymous_1)
FN:134,(anonymous_2)
FN:413,(anonymous_3)
FN:417,(anonymous_4)
FN:466,(anonymous_5)
FN:496,(anonymous_6)
FNF:7
FNH:0
FNDA:0,(anonymous_0)
FNDA:0,(anonymous_1)
FNDA:0,(anonymous_2)
FNDA:0,(anonymous_3)
FNDA:0,(anonymous_4)
FNDA:0,(anonymous_5)
FNDA:0,(anonymous_6)
DA:6,0
DA:17,0
DA:19,0
DA:20,0
DA:23,0
DA:24,0
DA:25,0
DA:26,0
DA:27,0
DA:28,0
DA:30,0
DA:31,0
DA:33,0
DA:35,0
DA:36,0
DA:38,0
DA:45,0
DA:46,0
DA:48,0
DA:50,0
DA:51,0
DA:53,0
DA:55,0
DA:59,0
DA:65,0
DA:66,0
DA:68,0
DA:70,0
DA:71,0
DA:72,0
DA:75,0
DA:76,0
DA:78,0
DA:83,0
DA:91,0
DA:92,0
DA:95,0
DA:97,0
DA:98,0
DA:106,0
DA:108,0
DA:109,0
DA:111,0
DA:112,0
DA:113,0
DA:115,0
DA:116,0
DA:119,0
DA:121,0
DA:122,0
DA:125,0
DA:127,0
DA:135,0
DA:414,0
DA:415,0
DA:416,0
DA:417,0
DA:420,0
DA:421,0
DA:422,0
DA:423,0
DA:424,0
DA:428,0
DA:443,0
DA:445,0
DA:467,0
DA:469,0
DA:470,0
DA:472,0
DA:473,0
DA:474,0
DA:477,0
DA:480,0
DA:485,0
DA:486,0
DA:488,0
DA:489,0
DA:497,0
DA:499,0
DA:500,0
DA:501,0
DA:503,0
DA:504,0
DA:505,0
DA:506,0
DA:507,0
DA:509,0
DA:513,0
DA:514,0
DA:516,0
DA:517,0
DA:522,0
LF:92
LH:0
BRDA:12,0,0,0
BRDA:14,1,0,0
BRDA:15,2,0,0
BRDA:16,3,0,0
BRDA:19,4,0,0
BRDA:19,4,1,0
BRDA:35,5,0,0
BRDA:35,5,1,0
BRDA:36,6,0,0
BRDA:36,6,1,0
BRDA:45,7,0,0
BRDA:45,7,1,0
BRDA:50,8,0,0
BRDA:50,8,1,0
BRDA:65,9,0,0
BRDA:65,9,1,0
BRDA:71,10,0,0
BRDA:71,10,1,0
BRDA:75,11,0,0
BRDA:75,11,1,0
BRDA:91,12,0,0
BRDA:91,12,1,0
BRDA:109,13,0,0
BRDA:109,13,1,0
BRDA:111,14,0,0
BRDA:111,14,1,0
BRDA:115,15,0,0
BRDA:115,15,1,0
BRDA:423,16,0,0
BRDA:423,16,1,0
BRDA:430,17,0,0
BRDA:430,17,1,0
BRDA:431,18,0,0
BRDA:431,18,1,0
BRDA:432,19,0,0
BRDA:432,19,1,0
BRDA:436,20,0,0
BRDA:436,20,1,0
BRDA:437,21,0,0
BRDA:437,21,1,0
BRDA:438,22,0,0
BRDA:438,22,1,0
BRDA:439,23,0,0
BRDA:439,23,1,0
BRDA:472,24,0,0
BRDA:472,24,1,0
BRF:46
BRH:0
end_of_record
TN:
SF:src\services\MeterDataAnalyzer.js
FN:10,(anonymous_0)
FN:19,(anonymous_1)
FN:34,(anonymous_2)
FN:59,(anonymous_3)
FN:71,(anonymous_4)
FN:81,(anonymous_5)
FN:94,(anonymous_6)
FN:146,(anonymous_7)
FN:176,(anonymous_8)
FN:234,(anonymous_9)
FN:310,(anonymous_10)
FN:360,(anonymous_11)
FN:398,(anonymous_12)
FN:418,(anonymous_13)
FN:427,(anonymous_14)
FN:436,(anonymous_15)
FN:462,(anonymous_16)
FN:480,(anonymous_17)
FN:499,(anonymous_18)
FN:505,(anonymous_19)
FN:528,(anonymous_20)
FN:533,(anonymous_21)
FN:534,(anonymous_22)
FN:537,(anonymous_23)
FN:542,(anonymous_24)
FN:554,(anonymous_25)
FN:584,(anonymous_26)
FN:594,(anonymous_27)
FN:595,(anonymous_28)
FN:601,(anonymous_29)
FN:617,(anonymous_30)
FNF:31
FNH:0
FNDA:0,(anonymous_0)
FNDA:0,(anonymous_1)
FNDA:0,(anonymous_2)
FNDA:0,(anonymous_3)
FNDA:0,(anonymous_4)
FNDA:0,(anonymous_5)
FNDA:0,(anonymous_6)
FNDA:0,(anonymous_7)
FNDA:0,(anonymous_8)
FNDA:0,(anonymous_9)
FNDA:0,(anonymous_10)
FNDA:0,(anonymous_11)
FNDA:0,(anonymous_12)
FNDA:0,(anonymous_13)
FNDA:0,(anonymous_14)
FNDA:0,(anonymous_15)
FNDA:0,(anonymous_16)
FNDA:0,(anonymous_17)
FNDA:0,(anonymous_18)
FNDA:0,(anonymous_19)
FNDA:0,(anonymous_20)
FNDA:0,(anonymous_21)
FNDA:0,(anonymous_22)
FNDA:0,(anonymous_23)
FNDA:0,(anonymous_24)
FNDA:0,(anonymous_25)
FNDA:0,(anonymous_26)
FNDA:0,(anonymous_27)
FNDA:0,(anonymous_28)
FNDA:0,(anonymous_29)
FNDA:0,(anonymous_30)
DA:6,0
DA:7,0
DA:11,0
DA:12,0
DA:13,0
DA:20,0
DA:21,0
DA:23,0
DA:24,0
DA:26,0
DA:27,0
DA:35,0
DA:60,0
DA:61,0
DA:62,0
DA:65,0
DA:66,0
DA:67,0
DA:70,0
DA:71,0
DA:72,0
DA:75,0
DA:82,0
DA:83,0
DA:84,0
DA:87,0
DA:88,0
DA:95,0
DA:96,0
DA:99,0
DA:101,0
DA:102,0
DA:103,0
DA:106,0
DA:107,0
DA:110,0
DA:111,0
DA:113,0
DA:114,0
DA:115,0
DA:117,0
DA:118,0
DA:119,0
DA:122,0
DA:127,0
DA:128,0
DA:132,0
DA:133,0
DA:135,0
DA:139,0
DA:147,0
DA:149,0
DA:151,0
DA:152,0
DA:153,0
DA:157,0
DA:158,0
DA:161,0
DA:162,0
DA:163,0
DA:167,0
DA:170,0
DA:177,0
DA:179,0
DA:181,0
DA:182,0
DA:190,0
DA:191,0
DA:192,0
DA:195,0
DA:196,0
DA:211,0
DA:212,0
DA:213,0
DA:225,0
DA:228,0
DA:235,0
DA:237,0
DA:239,0
DA:241,0
DA:242,0
DA:246,0
DA:247,0
DA:250,0
DA:251,0
DA:265,0
DA:266,0
DA:280,0
DA:281,0
DA:295,0
DA:296,0
DA:297,0
DA:301,0
DA:304,0
DA:311,0
DA:312,0
DA:313,0
DA:316,0
DA:317,0
DA:318,0
DA:321,0
DA:322,0
DA:336,0
DA:337,0
DA:351,0
DA:354,0
DA:361,0
DA:362,0
DA:363,0
DA:366,0
DA:369,0
DA:372,0
DA:373,0
DA:377,0
DA:378,0
DA:382,0
DA:383,0
DA:386,0
DA:390,0
DA:400,0
DA:412,0
DA:421,0
DA:430,0
DA:437,0
DA:453,0
DA:454,0
DA:455,0
DA:457,0
DA:458,0
DA:463,0
DA:471,0
DA:472,0
DA:473,0
DA:475,0
DA:476,0
DA:481,0
DA:490,0
DA:491,0
DA:492,0
DA:494,0
DA:495,0
DA:502,0
DA:506,0
DA:511,0
DA:512,0
DA:521,0
DA:529,0
DA:530,0
DA:533,0
DA:534,0
DA:535,0
DA:537,0
DA:538,0
DA:542,0
DA:543,0
DA:545,0
DA:555,0
DA:556,0
DA:558,0
DA:559,0
DA:560,0
DA:562,0
DA:563,0
DA:578,0
DA:585,0
DA:586,0
DA:587,0
DA:589,0
DA:590,0
DA:591,0
DA:595,0
DA:602,0
DA:618,0
DA:619,0
DA:624,0
DA:626,0
LF:176
LH:0
BRDA:19,0,0,0
BRDA:21,1,0,0
BRDA:21,1,1,0
BRDA:38,2,0,0
BRDA:38,2,1,0
BRDA:39,3,0,0
BRDA:39,3,1,0
BRDA:42,4,0,0
BRDA:42,4,1,0
BRDA:43,5,0,0
BRDA:43,5,1,0
BRDA:44,6,0,0
BRDA:44,6,1,0
BRDA:45,7,0,0
BRDA:45,7,1,0
BRDA:46,8,0,0
BRDA:46,8,1,0
BRDA:49,9,0,0
BRDA:49,9,1,0
BRDA:50,10,0,0
BRDA:50,10,1,0
BRDA:60,11,0,0
BRDA:60,11,1,0
BRDA:65,12,0,0
BRDA:65,12,1,0
BRDA:82,13,0,0
BRDA:82,13,1,0
BRDA:101,14,0,0
BRDA:101,14,1,0
BRDA:117,15,0,0
BRDA:117,15,1,0
BRDA:127,16,0,0
BRDA:127,16,1,0
BRDA:132,17,0,0
BRDA:132,17,1,0
BRDA:152,18,0,0
BRDA:152,18,1,0
BRDA:162,19,0,0
BRDA:162,19,1,0
BRDA:181,20,0,0
BRDA:181,20,1,0
BRDA:195,21,0,0
BRDA:195,21,1,0
BRDA:212,22,0,0
BRDA:212,22,1,0
BRDA:241,23,0,0
BRDA:241,23,1,0
BRDA:250,24,0,0
BRDA:250,24,1,0
BRDA:265,25,0,0
BRDA:265,25,1,0
BRDA:265,26,0,0
BRDA:265,26,1,0
BRDA:280,27,0,0
BRDA:280,27,1,0
BRDA:280,28,0,0
BRDA:280,28,1,0
BRDA:295,29,0,0
BRDA:295,29,1,0
BRDA:312,30,0,0
BRDA:312,30,1,0
BRDA:321,31,0,0
BRDA:321,31,1,0
BRDA:321,32,0,0
BRDA:321,32,1,0
BRDA:330,33,0,0
BRDA:330,33,1,0
BRDA:336,34,0,0
BRDA:336,34,1,0
BRDA:345,35,0,0
BRDA:345,35,1,0
BRDA:369,36,0,0
BRDA:369,36,1,0
BRDA:369,36,2,0
BRDA:369,36,3,0
BRDA:369,36,4,0
BRDA:369,36,5,0
BRDA:369,36,6,0
BRDA:473,37,0,0
BRDA:473,37,1,0
BRDA:529,38,0,0
BRDA:529,38,1,0
BRDA:538,39,0,0
BRDA:538,39,1,0
BRDA:562,40,0,0
BRDA:562,40,1,0
BRDA:589,41,0,0
BRDA:589,41,1,0
BRDA:589,42,0,0
BRDA:589,42,1,0
BRDA:590,43,0,0
BRDA:590,43,1,0
BRDA:590,44,0,0
BRDA:590,44,1,0
BRDA:591,45,0,0
BRDA:591,45,1,0
BRDA:606,46,0,0
BRDA:606,46,1,0
BRDA:607,47,0,0
BRDA:607,47,1,0
BRDA:608,48,0,0
BRDA:608,48,1,0
BRF:102
BRH:0
end_of_record
TN:
SF:src\services\MeterIntegrationService.js
FN:12,(anonymous_0)
FN:21,(anonymous_1)
FN:45,(anonymous_2)
FN:74,(anonymous_3)
FN:90,(anonymous_4)
FN:123,(anonymous_5)
FN:150,(anonymous_6)
FN:183,(anonymous_7)
FN:215,(anonymous_8)
FN:241,(anonymous_9)
FN:251,(anonymous_10)
FN:252,(anonymous_11)
FN:290,(anonymous_12)
FN:322,(anonymous_13)
FN:339,(anonymous_14)
FN:353,(anonymous_15)
FN:367,(anonymous_16)
FN:389,(anonymous_17)
FN:399,(anonymous_18)
FN:406,(anonymous_19)
FN:424,(anonymous_20)
FN:442,(anonymous_21)
FN:455,(anonymous_22)
FN:471,(anonymous_23)
FN:492,(anonymous_24)
FN:506,(anonymous_25)
FN:533,(anonymous_26)
FN:560,(anonymous_27)
FN:595,(anonymous_28)
FN:613,(anonymous_29)
FNF:30
FNH:0
FNDA:0,(anonymous_0)
FNDA:0,(anonymous_1)
FNDA:0,(anonymous_2)
FNDA:0,(anonymous_3)
FNDA:0,(anonymous_4)
FNDA:0,(anonymous_5)
FNDA:0,(anonymous_6)
FNDA:0,(anonymous_7)
FNDA:0,(anonymous_8)
FNDA:0,(anonymous_9)
FNDA:0,(anonymous_10)
FNDA:0,(anonymous_11)
FNDA:0,(anonymous_12)
FNDA:0,(anonymous_13)
FNDA:0,(anonymous_14)
FNDA:0,(anonymous_15)
FNDA:0,(anonymous_16)
FNDA:0,(anonymous_17)
FNDA:0,(anonymous_18)
FNDA:0,(anonymous_19)
FNDA:0,(anonymous_20)
FNDA:0,(anonymous_21)
FNDA:0,(anonymous_22)
FNDA:0,(anonymous_23)
FNDA:0,(anonymous_24)
FNDA:0,(anonymous_25)
FNDA:0,(anonymous_26)
FNDA:0,(anonymous_27)
FNDA:0,(anonymous_28)
FNDA:0,(anonymous_29)
DA:6,0
DA:7,0
DA:8,0
DA:9,0
DA:13,0
DA:14,0
DA:15,0
DA:22,0
DA:23,0
DA:26,0
DA:29,0
DA:31,0
DA:32,0
DA:34,0
DA:36,0
DA:37,0
DA:38,0
DA:46,0
DA:76,0
DA:79,0
DA:82,0
DA:84,0
DA:91,0
DA:92,0
DA:95,0
DA:96,0
DA:97,0
DA:98,0
DA:102,0
DA:105,0
DA:106,0
DA:110,0
DA:111,0
DA:112,0
DA:116,0
DA:124,0
DA:125,0
DA:128,0
DA:129,0
DA:130,0
DA:131,0
DA:135,0
DA:136,0
DA:140,0
DA:143,0
DA:151,0
DA:152,0
DA:155,0
DA:156,0
DA:157,0
DA:158,0
DA:161,0
DA:163,0
DA:164,0
DA:167,0
DA:168,0
DA:171,0
DA:172,0
DA:176,0
DA:184,0
DA:185,0
DA:186,0
DA:189,0
DA:190,0
DA:193,0
DA:195,0
DA:196,0
DA:197,0
DA:198,0
DA:199,0
DA:201,0
DA:205,0
DA:208,0
DA:216,0
DA:217,0
DA:220,0
DA:221,0
DA:224,0
DA:225,0
DA:229,0
DA:235,0
DA:242,0
DA:244,0
DA:246,0
DA:247,0
DA:251,0
DA:252,0
DA:253,0
DA:256,0
DA:257,0
DA:265,0
DA:266,0
DA:274,0
DA:275,0
DA:283,0
DA:291,0
DA:293,0
DA:295,0
DA:306,0
DA:308,0
DA:309,0
DA:311,0
DA:315,0
DA:323,0
DA:326,0
DA:329,0
DA:332,0
DA:340,0
DA:346,0
DA:347,0
DA:349,0
DA:354,0
DA:360,0
DA:361,0
DA:363,0
DA:368,0
DA:377,0
DA:378,0
DA:385,0
DA:390,0
DA:397,0
DA:398,0
DA:399,0
DA:401,0
DA:402,0
DA:407,0
DA:415,0
DA:416,0
DA:417,0
DA:419,0
DA:420,0
DA:425,0
DA:427,0
DA:433,0
DA:434,0
DA:435,0
DA:437,0
DA:438,0
DA:443,0
DA:448,0
DA:449,0
DA:451,0
DA:456,0
DA:461,0
DA:462,0
DA:464,0
DA:472,0
DA:473,0
DA:475,0
DA:476,0
DA:478,0
DA:481,0
DA:484,0
DA:488,0
DA:493,0
DA:500,0
DA:507,0
DA:508,0
DA:509,0
DA:510,0
DA:514,0
DA:515,0
DA:516,0
DA:518,0
DA:519,0
DA:527,0
DA:529,0
DA:534,0
DA:535,0
DA:536,0
DA:537,0
DA:540,0
DA:547,0
DA:554,0
DA:556,0
DA:561,0
DA:562,0
DA:563,0
DA:564,0
DA:568,0
DA:569,0
DA:570,0
DA:572,0
DA:579,0
DA:586,0
DA:588,0
DA:596,0
DA:614,0
DA:615,0
DA:616,0
DA:621,0
DA:623,0
LF:192
LH:0
BRDA:21,0,0,0
BRDA:23,1,0,0
BRDA:23,1,1,0
BRDA:49,2,0,0
BRDA:49,2,1,0
BRDA:50,3,0,0
BRDA:50,3,1,0
BRDA:53,4,0,0
BRDA:53,4,1,0
BRDA:54,5,0,0
BRDA:54,5,1,0
BRDA:55,6,0,0
BRDA:55,6,1,0
BRDA:56,7,0,0
BRDA:56,7,1,0
BRDA:59,8,0,0
BRDA:59,8,1,0
BRDA:60,9,0,0
BRDA:60,9,1,0
BRDA:96,10,0,0
BRDA:96,10,1,0
BRDA:105,11,0,0
BRDA:105,11,1,0
BRDA:110,12,0,0
BRDA:110,12,1,0
BRDA:129,13,0,0
BRDA:129,13,1,0
BRDA:135,14,0,0
BRDA:135,14,1,0
BRDA:135,15,0,0
BRDA:135,15,1,0
BRDA:156,16,0,0
BRDA:156,16,1,0
BRDA:161,17,0,0
BRDA:161,17,1,0
BRDA:161,17,2,0
BRDA:184,18,0,0
BRDA:184,18,1,0
BRDA:216,19,0,0
BRDA:216,19,1,0
BRDA:246,20,0,0
BRDA:246,20,1,0
BRDA:256,21,0,0
BRDA:256,21,1,0
BRDA:265,22,0,0
BRDA:265,22,1,0
BRDA:265,23,0,0
BRDA:265,23,1,0
BRDA:274,24,0,0
BRDA:274,24,1,0
BRDA:274,25,0,0
BRDA:274,25,1,0
BRDA:298,26,0,0
BRDA:298,26,1,0
BRDA:298,26,2,0
BRDA:300,27,0,0
BRDA:300,27,1,0
BRDA:301,28,0,0
BRDA:301,28,1,0
BRDA:303,29,0,0
BRDA:303,29,1,0
BRDA:308,30,0,0
BRDA:308,30,1,0
BRDA:406,31,0,0
BRDA:425,32,0,0
BRDA:425,32,1,0
BRDA:435,33,0,0
BRDA:435,33,1,0
BRDA:473,34,0,0
BRDA:473,34,1,0
BRDA:478,35,0,0
BRDA:478,35,1,0
BRDA:478,35,2,0
BRDA:478,35,3,0
BRDA:478,35,4,0
BRDA:478,35,5,0
BRDA:478,35,6,0
BRDA:495,36,0,0
BRDA:495,36,1,0
BRDA:496,37,0,0
BRDA:496,37,1,0
BRDA:500,38,0,0
BRDA:500,38,1,0
BRDA:509,39,0,0
BRDA:509,39,1,0
BRDA:516,40,0,0
BRDA:516,40,1,0
BRDA:518,41,0,0
BRDA:518,41,1,0
BRDA:527,42,0,0
BRDA:527,42,1,0
BRDA:533,43,0,0
BRDA:536,44,0,0
BRDA:536,44,1,0
BRDA:560,45,0,0
BRDA:563,46,0,0
BRDA:563,46,1,0
BRDA:568,47,0,0
BRDA:568,47,1,0
BRDA:574,48,0,0
BRDA:574,48,1,0
BRDA:600,49,0,0
BRDA:600,49,1,0
BRDA:601,50,0,0
BRDA:601,50,1,0
BRDA:602,51,0,0
BRDA:602,51,1,0
BRDA:603,52,0,0
BRDA:603,52,1,0
BRF:109
BRH:0
end_of_record
TN:
SF:src\services\MeterMonitoringService.js
FN:11,(anonymous_0)
FN:21,(anonymous_1)
FN:36,(anonymous_2)
FN:59,(anonymous_3)
FN:73,(anonymous_4)
FN:83,(anonymous_5)
FN:96,(anonymous_6)
FN:168,(anonymous_7)
FN:205,(anonymous_8)
FN:247,(anonymous_9)
FN:256,(anonymous_10)
FN:256,(anonymous_11)
FN:317,(anonymous_12)
FN:349,(anonymous_13)
FN:354,(anonymous_14)
FN:371,(anonymous_15)
FN:390,(anonymous_16)
FN:412,(anonymous_17)
FN:430,(anonymous_18)
FN:447,(anonymous_19)
FN:460,(anonymous_20)
FN:473,(anonymous_21)
FN:497,(anonymous_22)
FN:500,(anonymous_23)
FN:503,(anonymous_24)
FN:508,(anonymous_25)
FN:522,(anonymous_26)
FN:538,(anonymous_27)
FN:558,(anonymous_28)
FN:577,(anonymous_29)
FN:587,(anonymous_30)
FN:588,(anonymous_31)
FN:594,(anonymous_32)
FN:611,(anonymous_33)
FNF:34
FNH:0
FNDA:0,(anonymous_0)
FNDA:0,(anonymous_1)
FNDA:0,(anonymous_2)
FNDA:0,(anonymous_3)
FNDA:0,(anonymous_4)
FNDA:0,(anonymous_5)
FNDA:0,(anonymous_6)
FNDA:0,(anonymous_7)
FNDA:0,(anonymous_8)
FNDA:0,(anonymous_9)
FNDA:0,(anonymous_10)
FNDA:0,(anonymous_11)
FNDA:0,(anonymous_12)
FNDA:0,(anonymous_13)
FNDA:0,(anonymous_14)
FNDA:0,(anonymous_15)
FNDA:0,(anonymous_16)
FNDA:0,(anonymous_17)
FNDA:0,(anonymous_18)
FNDA:0,(anonymous_19)
FNDA:0,(anonymous_20)
FNDA:0,(anonymous_21)
FNDA:0,(anonymous_22)
FNDA:0,(anonymous_23)
FNDA:0,(anonymous_24)
FNDA:0,(anonymous_25)
FNDA:0,(anonymous_26)
FNDA:0,(anonymous_27)
FNDA:0,(anonymous_28)
FNDA:0,(anonymous_29)
FNDA:0,(anonymous_30)
FNDA:0,(anonymous_31)
FNDA:0,(anonymous_32)
FNDA:0,(anonymous_33)
DA:6,0
DA:7,0
DA:8,0
DA:12,0
DA:13,0
DA:14,0
DA:15,0
DA:22,0
DA:23,0
DA:25,0
DA:26,0
DA:28,0
DA:29,0
DA:37,0
DA:60,0
DA:61,0
DA:62,0
DA:65,0
DA:66,0
DA:67,0
DA:70,0
DA:71,0
DA:73,0
DA:74,0
DA:77,0
DA:84,0
DA:85,0
DA:86,0
DA:89,0
DA:90,0
DA:97,0
DA:98,0
DA:99,0
DA:102,0
DA:104,0
DA:105,0
DA:106,0
DA:109,0
DA:110,0
DA:111,0
DA:114,0
DA:115,0
DA:117,0
DA:118,0
DA:119,0
DA:121,0
DA:122,0
DA:124,0
DA:125,0
DA:126,0
DA:131,0
DA:132,0
DA:133,0
DA:134,0
DA:138,0
DA:139,0
DA:140,0
DA:141,0
DA:145,0
DA:150,0
DA:151,0
DA:155,0
DA:156,0
DA:158,0
DA:161,0
DA:169,0
DA:170,0
DA:171,0
DA:173,0
DA:174,0
DA:182,0
DA:183,0
DA:186,0
DA:188,0
DA:197,0
DA:198,0
DA:206,0
DA:208,0
DA:210,0
DA:211,0
DA:214,0
DA:215,0
DA:216,0
DA:217,0
DA:218,0
DA:220,0
DA:221,0
DA:229,0
DA:230,0
DA:232,0
DA:239,0
DA:240,0
DA:248,0
DA:250,0
DA:252,0
DA:253,0
DA:256,0
DA:258,0
DA:259,0
DA:263,0
DA:264,0
DA:267,0
DA:268,0
DA:269,0
DA:277,0
DA:278,0
DA:279,0
DA:288,0
DA:289,0
DA:290,0
DA:298,0
DA:299,0
DA:301,0
DA:309,0
DA:310,0
DA:318,0
DA:320,0
DA:321,0
DA:325,0
DA:333,0
DA:339,0
DA:342,0
DA:350,0
DA:352,0
DA:354,0
DA:361,0
DA:364,0
DA:372,0
DA:374,0
DA:380,0
DA:383,0
DA:391,0
DA:403,0
DA:404,0
DA:405,0
DA:407,0
DA:408,0
DA:413,0
DA:421,0
DA:422,0
DA:423,0
DA:425,0
DA:426,0
DA:431,0
DA:437,0
DA:438,0
DA:441,0
DA:443,0
DA:448,0
DA:453,0
DA:454,0
DA:456,0
DA:461,0
DA:466,0
DA:467,0
DA:469,0
DA:475,0
DA:483,0
DA:484,0
DA:485,0
DA:487,0
DA:489,0
DA:490,0
DA:498,0
DA:500,0
DA:501,0
DA:503,0
DA:504,0
DA:508,0
DA:509,0
DA:511,0
DA:523,0
DA:524,0
DA:526,0
DA:527,0
DA:528,0
DA:529,0
DA:531,0
DA:535,0
DA:539,0
DA:541,0
DA:542,0
DA:543,0
DA:545,0
DA:546,0
DA:547,0
DA:548,0
DA:550,0
DA:551,0
DA:555,0
DA:559,0
DA:561,0
DA:562,0
DA:564,0
DA:565,0
DA:566,0
DA:567,0
DA:571,0
DA:578,0
DA:579,0
DA:580,0
DA:582,0
DA:583,0
DA:584,0
DA:588,0
DA:595,0
DA:612,0
DA:613,0
DA:618,0
DA:620,0
LF:210
LH:0
BRDA:21,0,0,0
BRDA:23,1,0,0
BRDA:23,1,1,0
BRDA:40,2,0,0
BRDA:40,2,1,0
BRDA:41,3,0,0
BRDA:41,3,1,0
BRDA:44,4,0,0
BRDA:44,4,1,0
BRDA:45,5,0,0
BRDA:45,5,1,0
BRDA:46,6,0,0
BRDA:46,6,1,0
BRDA:51,7,0,0
BRDA:51,7,1,0
BRDA:60,8,0,0
BRDA:60,8,1,0
BRDA:65,9,0,0
BRDA:65,9,1,0
BRDA:84,10,0,0
BRDA:84,10,1,0
BRDA:104,11,0,0
BRDA:104,11,1,0
BRDA:121,12,0,0
BRDA:121,12,1,0
BRDA:124,13,0,0
BRDA:124,13,1,0
BRDA:132,14,0,0
BRDA:132,14,1,0
BRDA:132,15,0,0
BRDA:132,15,1,0
BRDA:139,16,0,0
BRDA:139,16,1,0
BRDA:139,17,0,0
BRDA:139,17,1,0
BRDA:150,18,0,0
BRDA:150,18,1,0
BRDA:171,19,0,0
BRDA:171,19,1,0
BRDA:173,20,0,0
BRDA:173,20,1,0
BRDA:186,21,0,0
BRDA:186,21,1,0
BRDA:190,22,0,0
BRDA:190,22,1,0
BRDA:210,23,0,0
BRDA:210,23,1,0
BRDA:220,24,0,0
BRDA:220,24,1,0
BRDA:230,25,0,0
BRDA:230,25,1,0
BRDA:252,26,0,0
BRDA:252,26,1,0
BRDA:258,27,0,0
BRDA:258,27,1,0
BRDA:268,28,0,0
BRDA:268,28,1,0
BRDA:278,29,0,0
BRDA:278,29,1,0
BRDA:289,30,0,0
BRDA:289,30,1,0
BRDA:299,31,0,0
BRDA:299,31,1,0
BRDA:320,32,0,0
BRDA:320,32,1,0
BRDA:412,33,0,0
BRDA:498,34,0,0
BRDA:498,34,1,0
BRDA:504,35,0,0
BRDA:504,35,1,0
BRDA:527,36,0,0
BRDA:527,36,1,0
BRDA:539,37,0,0
BRDA:539,37,1,0
BRDA:546,38,0,0
BRDA:546,38,1,0
BRDA:559,39,0,0
BRDA:559,39,1,0
BRDA:559,40,0,0
BRDA:559,40,1,0
BRDA:566,41,0,0
BRDA:566,41,1,0
BRDA:582,42,0,0
BRDA:582,42,1,0
BRDA:582,43,0,0
BRDA:582,43,1,0
BRDA:583,44,0,0
BRDA:583,44,1,0
BRDA:583,45,0,0
BRDA:583,45,1,0
BRDA:584,46,0,0
BRDA:584,46,1,0
BRDA:600,47,0,0
BRDA:600,47,1,0
BRDA:601,48,0,0
BRDA:601,48,1,0
BRDA:602,49,0,0
BRDA:602,49,1,0
BRF:98
BRH:0
end_of_record
TN:
SF:src\services\NotificationScheduler.js
FN:12,(anonymous_0)
FN:23,(anonymous_1)
FN:53,(anonymous_2)
FN:89,(anonymous_3)
FN:112,(anonymous_4)
FN:117,(anonymous_5)
FN:127,(anonymous_6)
FN:142,(anonymous_7)
FN:152,(anonymous_8)
FN:162,(anonymous_9)
FN:207,(anonymous_10)
FN:248,(anonymous_11)
FN:300,(anonymous_12)
FN:343,(anonymous_13)
FN:378,(anonymous_14)
FN:425,(anonymous_15)
FN:434,(anonymous_16)
FN:443,(anonymous_17)
FN:447,(anonymous_18)
FN:457,(anonymous_19)
FN:461,(anonymous_20)
FN:486,(anonymous_21)
FN:490,(anonymous_22)
FN:509,(anonymous_23)
FN:541,(anonymous_24)
FN:544,(anonymous_25)
FN:575,(anonymous_26)
FN:595,(anonymous_27)
FN:631,(anonymous_28)
FN:649,(anonymous_29)
FN:672,(anonymous_30)
FN:686,(anonymous_31)
FN:690,(anonymous_32)
FN:694,(anonymous_33)
FN:712,(anonymous_34)
FN:731,(anonymous_35)
FNF:36
FNH:0
FNDA:0,(anonymous_0)
FNDA:0,(anonymous_1)
FNDA:0,(anonymous_2)
FNDA:0,(anonymous_3)
FNDA:0,(anonymous_4)
FNDA:0,(anonymous_5)
FNDA:0,(anonymous_6)
FNDA:0,(anonymous_7)
FNDA:0,(anonymous_8)
FNDA:0,(anonymous_9)
FNDA:0,(anonymous_10)
FNDA:0,(anonymous_11)
FNDA:0,(anonymous_12)
FNDA:0,(anonymous_13)
FNDA:0,(anonymous_14)
FNDA:0,(anonymous_15)
FNDA:0,(anonymous_16)
FNDA:0,(anonymous_17)
FNDA:0,(anonymous_18)
FNDA:0,(anonymous_19)
FNDA:0,(anonymous_20)
FNDA:0,(anonymous_21)
FNDA:0,(anonymous_22)
FNDA:0,(anonymous_23)
FNDA:0,(anonymous_24)
FNDA:0,(anonymous_25)
FNDA:0,(anonymous_26)
FNDA:0,(anonymous_27)
FNDA:0,(anonymous_28)
FNDA:0,(anonymous_29)
FNDA:0,(anonymous_30)
FNDA:0,(anonymous_31)
FNDA:0,(anonymous_32)
FNDA:0,(anonymous_33)
FNDA:0,(anonymous_34)
FNDA:0,(anonymous_35)
DA:6,0
DA:7,0
DA:8,0
DA:9,0
DA:13,0
DA:14,0
DA:15,0
DA:16,0
DA:17,0
DA:24,0
DA:25,0
DA:28,0
DA:29,0
DA:30,0
DA:34,0
DA:37,0
DA:39,0
DA:40,0
DA:42,0
DA:44,0
DA:45,0
DA:46,0
DA:54,0
DA:90,0
DA:92,0
DA:93,0
DA:96,0
DA:97,0
DA:99,0
DA:100,0
DA:103,0
DA:113,0
DA:116,0
DA:117,0
DA:118,0
DA:121,0
DA:122,0
DA:126,0
DA:127,0
DA:128,0
DA:131,0
DA:132,0
DA:136,0
DA:143,0
DA:144,0
DA:145,0
DA:153,0
DA:154,0
DA:155,0
DA:163,0
DA:165,0
DA:167,0
DA:168,0
DA:169,0
DA:173,0
DA:176,0
DA:178,0
DA:179,0
DA:181,0
DA:182,0
DA:184,0
DA:186,0
DA:187,0
DA:188,0
DA:192,0
DA:207,0
DA:208,0
DA:215,0
DA:216,0
DA:217,0
DA:219,0
DA:223,0
DA:224,0
DA:227,0
DA:238,0
DA:241,0
DA:249,0
DA:251,0
DA:253,0
DA:254,0
DA:255,0
DA:259,0
DA:261,0
DA:262,0
DA:264,0
DA:265,0
DA:267,0
DA:269,0
DA:270,0
DA:271,0
DA:275,0
DA:300,0
DA:301,0
DA:308,0
DA:309,0
DA:310,0
DA:313,0
DA:315,0
DA:319,0
DA:320,0
DA:323,0
DA:333,0
DA:336,0
DA:344,0
DA:346,0
DA:348,0
DA:349,0
DA:350,0
DA:354,0
DA:356,0
DA:357,0
DA:358,0
DA:362,0
DA:378,0
DA:379,0
DA:389,0
DA:390,0
DA:393,0
DA:402,0
DA:404,0
DA:408,0
DA:411,0
DA:418,0
DA:426,0
DA:427,0
DA:428,0
DA:435,0
DA:436,0
DA:437,0
DA:444,0
DA:446,0
DA:447,0
DA:448,0
DA:451,0
DA:458,0
DA:460,0
DA:461,0
DA:463,0
DA:464,0
DA:465,0
DA:468,0
DA:470,0
DA:471,0
DA:474,0
DA:475,0
DA:478,0
DA:479,0
DA:481,0
DA:484,0
DA:486,0
DA:487,0
DA:488,0
DA:490,0
DA:491,0
DA:493,0
DA:496,0
DA:497,0
DA:501,0
DA:510,0
DA:529,0
DA:530,0
DA:531,0
DA:533,0
DA:534,0
DA:542,0
DA:544,0
DA:545,0
DA:547,0
DA:548,0
DA:556,0
DA:566,0
DA:569,0
DA:576,0
DA:583,0
DA:584,0
DA:585,0
DA:587,0
DA:588,0
DA:596,0
DA:598,0
DA:619,0
DA:620,0
DA:621,0
DA:623,0
DA:624,0
DA:632,0
DA:639,0
DA:640,0
DA:642,0
DA:650,0
DA:655,0
DA:656,0
DA:665,0
DA:673,0
DA:687,0
DA:691,0
DA:695,0
DA:696,0
DA:697,0
DA:698,0
DA:700,0
DA:701,0
DA:702,0
DA:703,0
DA:705,0
DA:713,0
DA:732,0
DA:734,0
DA:735,0
DA:736,0
DA:739,0
DA:740,0
DA:742,0
DA:747,0
DA:749,0
LF:215
LH:0
BRDA:23,0,0,0
BRDA:25,1,0,0
BRDA:25,1,1,0
BRDA:29,2,0,0
BRDA:29,2,1,0
BRDA:58,3,0,0
BRDA:58,3,1,0
BRDA:63,4,0,0
BRDA:63,4,1,0
BRDA:73,5,0,0
BRDA:73,5,1,0
BRDA:74,6,0,0
BRDA:74,6,1,0
BRDA:75,7,0,0
BRDA:75,7,1,0
BRDA:76,8,0,0
BRDA:76,8,1,0
BRDA:79,9,0,0
BRDA:79,9,1,0
BRDA:80,10,0,0
BRDA:80,10,1,0
BRDA:81,11,0,0
BRDA:81,11,1,0
BRDA:92,12,0,0
BRDA:92,12,1,0
BRDA:96,13,0,0
BRDA:96,13,1,0
BRDA:99,14,0,0
BRDA:99,14,1,0
BRDA:100,15,0,0
BRDA:100,15,1,0
BRDA:116,16,0,0
BRDA:116,16,1,0
BRDA:126,17,0,0
BRDA:126,17,1,0
BRDA:168,18,0,0
BRDA:168,18,1,0
BRDA:186,19,0,0
BRDA:186,19,1,0
BRDA:215,20,0,0
BRDA:215,20,1,0
BRDA:254,21,0,0
BRDA:254,21,1,0
BRDA:269,22,0,0
BRDA:269,22,1,0
BRDA:279,23,0,0
BRDA:279,23,1,0
BRDA:280,24,0,0
BRDA:280,24,1,0
BRDA:283,25,0,0
BRDA:283,25,1,0
BRDA:293,26,0,0
BRDA:293,26,1,0
BRDA:308,27,0,0
BRDA:308,27,1,0
BRDA:349,28,0,0
BRDA:349,28,1,0
BRDA:356,29,0,0
BRDA:356,29,1,0
BRDA:366,30,0,0
BRDA:366,30,1,0
BRDA:367,31,0,0
BRDA:367,31,1,0
BRDA:370,32,0,0
BRDA:370,32,1,0
BRDA:371,33,0,0
BRDA:371,33,1,0
BRDA:389,34,0,0
BRDA:389,34,1,0
BRDA:444,35,0,0
BRDA:444,35,1,0
BRDA:458,36,0,0
BRDA:458,36,1,0
BRDA:468,37,0,0
BRDA:468,37,1,0
BRDA:468,37,2,0
BRDA:468,37,3,0
BRDA:484,38,0,0
BRDA:484,38,1,0
BRDA:488,39,0,0
BRDA:488,39,1,0
BRDA:547,40,0,0
BRDA:547,40,1,0
BRDA:675,41,0,0
BRDA:675,41,1,0
BRDA:676,42,0,0
BRDA:676,42,1,0
BRDA:700,43,0,0
BRDA:700,43,1,0
BRDA:702,44,0,0
BRDA:702,44,1,0
BRDA:720,45,0,0
BRDA:720,45,1,0
BRDA:721,46,0,0
BRDA:721,46,1,0
BRDA:722,47,0,0
BRDA:722,47,1,0
BRDA:734,48,0,0
BRDA:734,48,1,0
BRF:99
BRH:0
end_of_record
TN:
SF:src\services\TemplateRenderer.js
FN:14,(anonymous_0)
FN:78,(anonymous_1)
FN:115,(anonymous_2)
FN:122,(anonymous_3)
FN:131,(anonymous_4)
FN:173,(anonymous_5)
FN:206,(anonymous_6)
FN:236,(anonymous_7)
FN:264,(anonymous_8)
FN:271,(anonymous_9)
FN:283,(anonymous_10)
FN:290,(anonymous_11)
FN:297,(anonymous_12)
FN:340,(anonymous_13)
FN:346,(anonymous_14)
FN:357,(anonymous_15)
FN:403,(anonymous_16)
FN:413,(anonymous_17)
FN:426,(anonymous_18)
FN:436,(anonymous_19)
FN:449,(anonymous_20)
FN:458,(anonymous_21)
FN:472,(anonymous_22)
FN:492,(anonymous_23)
FN:494,(anonymous_24)
FN:500,(anonymous_25)
FN:530,(anonymous_26)
FN:542,(anonymous_27)
FN:547,(anonymous_28)
FN:560,(anonymous_29)
FN:579,(anonymous_30)
FN:625,(anonymous_31)
FN:645,(anonymous_32)
FN:658,(anonymous_33)
FN:694,(anonymous_34)
FN:703,(anonymous_35)
FN:709,(anonymous_36)
FN:753,(anonymous_37)
FN:766,(anonymous_38)
FN:824,(anonymous_39)
FN:851,(anonymous_40)
FN:877,(anonymous_41)
FN:900,(anonymous_42)
FN:907,(anonymous_43)
FN:909,(anonymous_44)
FN:914,(anonymous_45)
FN:916,(anonymous_46)
FN:923,(anonymous_47)
FN:926,(anonymous_48)
FN:932,(anonymous_49)
FN:951,(anonymous_50)
FNF:51
FNH:0
FNDA:0,(anonymous_0)
FNDA:0,(anonymous_1)
FNDA:0,(anonymous_2)
FNDA:0,(anonymous_3)
FNDA:0,(anonymous_4)
[...]
BRDA:314,40,0,0
BRDA:314,40,1,0
BRDA:319,41,0,0
BRDA:319,41,1,0
BRDA:324,42,0,0
BRDA:324,42,1,0
BRDA:330,43,0,0
BRDA:330,43,1,0
BRDA:350,44,0,0
BRDA:350,44,1,0
BRDA:369,45,0,0
BRDA:369,45,1,0
BRDA:369,46,0,0
BRDA:369,46,1,0
BRDA:413,47,0,0
BRDA:416,48,0,0
BRDA:416,48,1,0
BRDA:436,49,0,0
BRDA:439,50,0,0
BRDA:439,50,1,0
BRDA:463,51,0,0
BRDA:463,51,1,0
BRDA:463,52,0,0
BRDA:463,52,1,0
BRDA:476,53,0,0
BRDA:476,53,1,0
BRDA:481,54,0,0
BRDA:481,54,1,0
BRDA:494,55,0,0
BRDA:494,55,1,0
BRDA:501,56,0,0
BRDA:501,56,1,0
BRDA:535,57,0,0
BRDA:535,57,1,0
BRDA:535,58,0,0
BRDA:535,58,1,0
BRDA:540,59,0,0
BRDA:540,59,1,0
BRDA:545,60,0,0
BRDA:545,60,1,0
BRDA:551,61,0,0
BRDA:551,61,1,0
BRDA:559,62,0,0
BRDA:559,62,1,0
BRDA:564,63,0,0
BRDA:564,63,1,0
BRDA:564,63,2,0
BRDA:564,63,3,0
BRDA:564,63,4,0
BRDA:564,63,5,0
BRDA:564,63,6,0
BRDA:564,63,7,0
BRDA:578,64,0,0
BRDA:578,64,1,0
BRDA:583,65,0,0
BRDA:583,65,1,0
BRDA:585,66,0,0
BRDA:585,66,1,0
BRDA:592,67,0,0
BRDA:592,67,1,0
BRDA:594,68,0,0
BRDA:594,68,1,0
BRDA:594,69,0,0
BRDA:594,69,1,0
BRDA:594,69,2,0
BRDA:596,70,0,0
BRDA:596,70,1,0
BRDA:596,71,0,0
BRDA:596,71,1,0
BRDA:599,72,0,0
BRDA:599,72,1,0
BRDA:599,72,2,0
BRDA:599,72,3,0
BRDA:599,72,4,0
BRDA:599,72,5,0
BRDA:599,72,6,0
BRDA:599,72,7,0
BRDA:646,73,0,0
BRDA:646,73,1,0
BRDA:646,74,0,0
BRDA:646,74,1,0
BRDA:647,75,0,0
BRDA:647,75,1,0
BRDA:648,76,0,0
BRDA:648,76,1,0
BRDA:649,77,0,0
BRDA:649,77,1,0
BRDA:650,78,0,0
BRDA:650,78,1,0
BRDA:651,79,0,0
BRDA:651,79,1,0
BRDA:660,80,0,0
BRDA:660,80,1,0
BRDA:660,81,0,0
BRDA:660,81,1,0
BRDA:660,81,2,0
BRDA:660,81,3,0
BRDA:666,82,0,0
BRDA:666,82,1,0
BRDA:666,83,0,0
BRDA:666,83,1,0
BRDA:671,84,0,0
BRDA:671,84,1,0
BRDA:672,85,0,0
BRDA:672,85,1,0
BRDA:673,86,0,0
BRDA:673,86,1,0
BRDA:674,87,0,0
BRDA:674,87,1,0
BRDA:681,88,0,0
BRDA:681,88,1,0
BRDA:681,89,0,0
BRDA:681,89,1,0
BRDA:681,89,2,0
BRDA:709,90,0,0
BRDA:712,91,0,0
BRDA:712,91,1,0
BRDA:717,92,0,0
BRDA:717,92,1,0
BRDA:797,93,0,0
BRDA:797,93,1,0
BRDA:798,94,0,0
BRDA:798,94,1,0
BRDA:803,95,0,0
BRDA:803,95,1,0
BRDA:803,95,2,0
BRDA:803,95,3,0
BRDA:803,95,4,0
BRDA:803,95,5,0
BRDA:803,95,6,0
BRDA:840,96,0,0
BRDA:840,96,1,0
BRDA:866,97,0,0
BRDA:866,97,1,0
BRDA:878,98,0,0
BRDA:878,98,1,0
BRDA:886,99,0,0
BRDA:886,99,1,0
BRDA:900,100,0,0
BRDA:906,101,0,0
BRDA:906,101,1,0
BRDA:913,102,0,0
BRDA:913,102,1,0
BRDA:927,103,0,0
BRDA:927,103,1,0
BRDA:933,104,0,0
BRDA:933,104,1,0
BRF:226
BRH:0
end_of_record
TN:
SF:src\services\TemplateService.js
FN:13,(anonymous_0)
FN:51,(anonymous_1)
FN:73,(anonymous_2)
FN:113,(anonymous_3)
FN:135,(anonymous_4)
FN:184,(anonymous_5)
FN:225,(anonymous_6)
FN:235,(anonymous_7)
FN:248,(anonymous_8)
FN:292,(anonymous_9)
FN:325,(anonymous_10)
FN:348,(anonymous_11)
FN:358,(anonymous_12)
FN:368,(anonymous_13)
FN:389,(anonymous_14)
FN:409,(anonymous_15)
FN:437,(anonymous_16)
FN:458,(anonymous_17)
FN:486,(anonymous_18)
FNF:19
FNH:0
FNDA:0,(anonymous_0)
FNDA:0,(anonymous_1)
FNDA:0,(anonymous_2)
FNDA:0,(anonymous_3)
FNDA:0,(anonymous_4)
FNDA:0,(anonymous_5)
FNDA:0,(anonymous_6)
FNDA:0,(anonymous_7)
FNDA:0,(anonymous_8)
FNDA:0,(anonymous_9)
FNDA:0,(anonymous_10)
FNDA:0,(anonymous_11)
FNDA:0,(anonymous_12)
FNDA:0,(anonymous_13)
FNDA:0,(anonymous_14)
FNDA:0,(anonymous_15)
FNDA:0,(anonymous_16)
FNDA:0,(anonymous_17)
FNDA:0,(anonymous_18)
DA:6,0
DA:7,0
DA:14,0
DA:16,0
DA:17,0
DA:18,0
DA:22,0
DA:23,0
DA:24,0
DA:28,0
DA:33,0
DA:41,0
DA:52,0
DA:53,0
DA:54,0
DA:55,0
DA:58,0
DA:63,0
DA:74,0
DA:84,0
DA:87,0
DA:90,0
DA:91,0
DA:92,0
DA:93,0
DA:96,0
DA:106,0
DA:107,0
DA:108,0
DA:110,0
DA:113,0
DA:125,0
DA:136,0
DA:138,0
DA:139,0
DA:140,0
DA:144,0
DA:145,0
DA:149,0
DA:150,0
DA:151,0
DA:152,0
DA:156,0
DA:157,0
DA:158,0
DA:159,0
DA:164,0
DA:166,0
DA:174,0
DA:185,0
DA:186,0
DA:187,0
DA:188,0
DA:192,0
DA:193,0
DA:197,0
DA:199,0
DA:200,0
DA:207,0
DA:208,0
DA:215,0
DA:226,0
DA:227,0
DA:228,0
DA:231,0
DA:233,0
DA:235,0
DA:238,0
DA:249,0
DA:250,0
DA:251,0
DA:252,0
DA:256,0
DA:257,0
DA:258,0
DA:262,0
DA:271,0
DA:276,0
DA:282,0
DA:293,0
DA:294,0
DA:296,0
DA:315,0
DA:326,0
DA:327,0
DA:329,0
DA:338,0
DA:349,0
DA:359,0
DA:369,0
DA:374,0
DA:376,0
DA:377,0
DA:379,0
DA:387,0
DA:389,0
DA:399,0
DA:410,0
DA:411,0
DA:412,0
DA:413,0
DA:416,0
DA:418,0
DA:427,0
DA:438,0
DA:444,0
DA:447,0
DA:448,0
DA:451,0
DA:458,0
DA:467,0
DA:476,0
DA:487,0
DA:488,0
DA:489,0
DA:491,0
DA:492,0
DA:493,0
DA:494,0
DA:495,0
DA:497,0
DA:500,0
DA:504,0
DA:514,0
DA:522,0
LF:125
LH:0
BRDA:13,0,0,0
BRDA:17,1,0,0
BRDA:17,1,1,0
BRDA:23,2,0,0
BRDA:23,2,1,0
BRDA:54,3,0,0
BRDA:54,3,1,0
BRDA:73,4,0,0
BRDA:76,5,0,0
BRDA:77,6,0,0
BRDA:82,7,0,0
BRDA:83,8,0,0
BRDA:91,9,0,0
BRDA:91,9,1,0
BRDA:92,10,0,0
BRDA:92,10,1,0
BRDA:93,11,0,0
BRDA:93,11,1,0
BRDA:135,12,0,0
BRDA:139,13,0,0
BRDA:139,13,1,0
BRDA:144,14,0,0
BRDA:144,14,1,0
BRDA:144,15,0,0
BRDA:144,15,1,0
BRDA:151,16,0,0
BRDA:151,16,1,0
BRDA:156,17,0,0
BRDA:156,17,1,0
BRDA:156,18,0,0
BRDA:156,18,1,0
BRDA:158,19,0,0
BRDA:158,19,1,0
BRDA:184,20,0,0
BRDA:187,21,0,0
BRDA:187,21,1,0
BRDA:192,22,0,0
BRDA:192,22,1,0
BRDA:192,23,0,0
BRDA:192,23,1,0
BRDA:197,24,0,0
BRDA:197,24,1,0
BRDA:197,25,0,0
BRDA:197,25,1,0
BRDA:227,26,0,0
BRDA:227,26,1,0
BRDA:248,27,0,0
BRDA:251,28,0,0
BRDA:251,28,1,0
BRDA:257,29,0,0
BRDA:257,29,1,0
BRDA:299,30,0,0
BRDA:299,30,1,0
BRDA:300,31,0,0
BRDA:300,31,1,0
BRDA:301,32,0,0
BRDA:301,32,1,0
BRDA:303,33,0,0
BRDA:303,33,1,0
BRDA:304,34,0,0
BRDA:304,34,1,0
BRDA:305,35,0,0
BRDA:305,35,1,0
BRDA:306,36,0,0
BRDA:306,36,1,0
BRDA:309,37,0,0
BRDA:309,37,1,0
BRDA:310,38,0,0
BRDA:310,38,1,0
BRDA:368,39,0,0
BRDA:372,40,0,0
BRDA:373,41,0,0
BRDA:377,42,0,0
BRDA:377,42,1,0
BRDA:412,43,0,0
BRDA:412,43,1,0
BRDA:437,44,0,0
BRDA:443,45,0,0
BRDA:448,46,0,0
BRDA:448,46,1,0
BRDA:494,47,0,0
BRDA:494,47,1,0
BRF:82
BRH:0
end_of_record
TN:
SF:src\services\TemplateValidator.js
FN:10,(anonymous_0)
FN:72,(anonymous_1)
FN:126,(anonymous_2)
FN:133,(anonymous_3)
FN:172,(anonymous_4)
FN:203,(anonymous_5)
FN:211,(anonymous_6)
FN:218,(anonymous_7)
FN:225,(anonymous_8)
FN:233,(anonymous_9)
FN:235,(anonymous_10)
FN:241,(anonymous_11)
FN:253,(anonymous_12)
FNF:13
FNH:0
FNDA:0,(anonymous_0)
FNDA:0,(anonymous_1)
FNDA:0,(anonymous_2)
FNDA:0,(anonymous_3)
FNDA:0,(anonymous_4)
FNDA:0,(anonymous_5)
FNDA:0,(anonymous_6)
FNDA:0,(anonymous_7)
FNDA:0,(anonymous_8)
FNDA:0,(anonymous_9)
FNDA:0,(anonymous_10)
FNDA:0,(anonymous_11)
FNDA:0,(anonymous_12)
DA:11,0
DA:12,0
DA:15,0
DA:16,0
DA:19,0
DA:20,0
DA:23,0
DA:24,0
DA:27,0
DA:28,0
DA:29,0
DA:30,0
DA:34,0
DA:35,0
DA:39,0
DA:40,0
DA:44,0
DA:45,0
DA:49,0
DA:50,0
DA:51,0
DA:52,0
DA:56,0
DA:57,0
DA:58,0
DA:59,0
DA:62,0
DA:73,0
DA:74,0
DA:75,0
DA:77,0
DA:78,0
DA:79,0
DA:82,0
DA:83,0
DA:84,0
DA:87,0
DA:88,0
DA:89,0
DA:92,0
DA:93,0
DA:96,0
DA:97,0
DA:98,0
DA:99,0
DA:103,0
DA:104,0
DA:106,0
DA:110,0
DA:111,0
DA:115,0
DA:116,0
DA:120,0
DA:127,0
DA:128,0
DA:131,0
DA:132,0
DA:133,0
DA:136,0
DA:137,0
DA:138,0
DA:141,0
DA:142,0
DA:143,0
DA:147,0
DA:148,0
DA:153,0
DA:154,0
DA:155,0
DA:160,0
DA:161,0
DA:162,0
DA:163,0
DA:166,0
DA:173,0
DA:174,0
DA:177,0
DA:178,0
DA:180,0
DA:181,0
DA:185,0
DA:186,0
DA:187,0
DA:188,0
DA:193,0
DA:194,0
DA:197,0
DA:204,0
DA:205,0
DA:212,0
DA:219,0
DA:226,0
DA:227,0
DA:234,0
DA:235,0
DA:242,0
DA:254,0
DA:265,0
LF:98
LH:0
BRDA:15,0,0,0
BRDA:15,0,1,0
BRDA:15,1,0,0
BRDA:15,1,1,0
BRDA:19,2,0,0
BRDA:19,2,1,0
BRDA:19,3,0,0
BRDA:19,3,1,0
BRDA:23,4,0,0
BRDA:23,4,1,0
BRDA:23,5,0,0
BRDA:23,5,1,0
BRDA:27,6,0,0
BRDA:27,6,1,0
BRDA:29,7,0,0
BRDA:29,7,1,0
BRDA:34,8,0,0
BRDA:34,8,1,0
BRDA:34,9,0,0
BRDA:34,9,1,0
BRDA:39,10,0,0
BRDA:39,10,1,0
BRDA:39,11,0,0
BRDA:39,11,1,0
BRDA:44,12,0,0
BRDA:44,12,1,0
BRDA:44,13,0,0
BRDA:44,13,1,0
BRDA:49,14,0,0
BRDA:49,14,1,0
BRDA:56,15,0,0
BRDA:56,15,1,0
BRDA:57,16,0,0
BRDA:57,16,1,0
BRDA:77,17,0,0
BRDA:77,17,1,0
BRDA:87,18,0,0
BRDA:87,18,1,0
BRDA:92,19,0,0
BRDA:92,19,1,0
BRDA:96,20,0,0
BRDA:96,20,1,0
BRDA:98,21,0,0
BRDA:98,21,1,0
BRDA:103,22,0,0
BRDA:103,22,1,0
BRDA:110,23,0,0
BRDA:110,23,1,0
BRDA:115,24,0,0
BRDA:115,24,1,0
BRDA:115,25,0,0
BRDA:115,25,1,0
BRDA:126,26,0,0
BRDA:141,27,0,0
BRDA:141,27,1,0
BRDA:147,28,0,0
BRDA:147,28,1,0
BRDA:147,29,0,0
BRDA:147,29,1,0
BRDA:154,30,0,0
BRDA:154,30,1,0
BRDA:154,31,0,0
BRDA:154,31,1,0
BRDA:160,32,0,0
BRDA:160,32,1,0
BRDA:160,33,0,0
BRDA:160,33,1,0
BRDA:177,34,0,0
BRDA:177,34,1,0
BRDA:178,35,0,0
BRDA:178,35,1,0
BRDA:180,36,0,0
BRDA:180,36,1,0
BRDA:187,37,0,0
BRDA:187,37,1,0
BRDA:193,38,0,0
BRDA:193,38,1,0
BRDA:235,39,0,0
BRDA:235,39,1,0
BRF:79
BRH:0
end_of_record
TN:
SF:src\services\VariableProcessor.js
FN:10,(anonymous_0)
FN:24,(anonymous_1)
FN:59,(anonymous_2)
FN:69,(anonymous_3)
FN:86,(anonymous_4)
FN:116,(anonymous_5)
FN:145,(anonymous_6)
FN:182,(anonymous_7)
FN:218,(anonymous_8)
FN:243,(anonymous_9)
FN:254,(anonymous_10)
FN:258,(anonymous_11)
FN:275,(anonymous_12)
FN:294,(anonymous_13)
FN:343,(anonymous_14)
FN:404,(anonymous_15)
FN:411,(anonymous_16)
FN:467,(anonymous_17)
FN:483,(anonymous_18)
FN:493,(anonymous_19)
FN:499,(anonymous_20)
FN:521,(anonymous_21)
FN:523,(anonymous_22)
FN:533,(anonymous_23)
FN:540,(anonymous_24)
FN:554,(anonymous_25)
FN:567,(anonymous_26)
FNF:27
FNH:0
FNDA:0,(anonymous_0)
FNDA:0,(anonymous_1)
FNDA:0,(anonymous_2)
FNDA:0,(anonymous_3)
FNDA:0,(anonymous_4)
FNDA:0,(anonymous_5)
FNDA:0,(anonymous_6)
FNDA:0,(anonymous_7)
FNDA:0,(anonymous_8)
FNDA:0,(anonymous_9)
FNDA:0,(anonymous_10)
FNDA:0,(anonymous_11)
FNDA:0,(anonymous_12)
FNDA:0,(anonymous_13)
FNDA:0,(anonymous_14)
FNDA:0,(anonymous_15)
FNDA:0,(anonymous_16)
FNDA:0,(anonymous_17)
FNDA:0,(anonymous_18)
FNDA:0,(anonymous_19)
FNDA:0,(anonymous_20)
FNDA:0,(anonymous_21)
FNDA:0,(anonymous_22)
FNDA:0,(anonymous_23)
FNDA:0,(anonymous_24)
FNDA:0,(anonymous_25)
FNDA:0,(anonymous_26)
DA:16,0
DA:18,0
DA:19,0
DA:20,0
DA:23,0
DA:24,0
DA:27,0
DA:28,0
DA:30,0
DA:31,0
DA:32,0
DA:34,0
DA:35,0
DA:38,0
DA:40,0
DA:41,0
DA:42,0
DA:46,0
DA:47,0
DA:48,0
DA:52,0
DA:53,0
DA:54,0
DA:55,0
DA:58,0
DA:59,0
DA:62,0
DA:64,0
DA:69,0
DA:70,0
DA:71,0
DA:75,0
DA:87,0
DA:89,0
DA:91,0
DA:94,0
DA:97,0
DA:100,0
DA:103,0
DA:106,0
DA:109,0
DA:117,0
DA:119,0
DA:122,0
DA:123,0
DA:127,0
DA:128,0
DA:129,0
DA:130,0
DA:135,0
DA:136,0
DA:139,0
DA:148,0
DA:149,0
DA:150,0
DA:152,0
DA:153,0
DA:155,0
DA:158,0
DA:159,0
DA:163,0
DA:164,0
DA:167,0
DA:168,0
DA:172,0
DA:173,0
DA:176,0
DA:185,0
DA:186,0
DA:187,0
DA:188,0
DA:190,0
DA:193,0
DA:194,0
DA:198,0
DA:199,0
DA:200,0
DA:201,0
DA:205,0
DA:206,0
DA:207,0
DA:208,0
DA:212,0
DA:219,0
DA:220,0
DA:223,0
DA:224,0
DA:225,0
DA:226,0
DA:228,0
DA:229,0
DA:233,0
DA:234,0
DA:237,0
DA:246,0
DA:247,0
DA:248,0
DA:249,0
DA:251,0
DA:252,0
DA:254,0
DA:258,0
DA:261,0
DA:265,0
DA:266,0
DA:269,0
DA:270,0
DA:274,0
DA:275,0
DA:276,0
DA:277,0
DA:283,0
DA:288,0
DA:297,0
DA:298,0
DA:299,0
DA:300,0
DA:301,0
DA:302,0
DA:303,0
DA:306,0
DA:309,0
DA:313,0
DA:314,0
DA:315,0
DA:316,0
DA:322,0
DA:323,0
DA:324,0
DA:325,0
DA:326,0
DA:331,0
DA:337,0
DA:344,0
DA:346,0
DA:348,0
DA:349,0
DA:350,0
DA:351,0
DA:360,0
DA:361,0
DA:369,0
DA:371,0
DA:372,0
DA:378,0
DA:381,0
DA:382,0
DA:384,0
DA:387,0
DA:393,0
DA:405,0
DA:411,0
DA:412,0
DA:418,0
DA:420,0
DA:421,0
DA:422,0
DA:423,0
DA:424,0
DA:427,0
DA:428,0
DA:429,0
DA:432,0
DA:433,0
DA:434,0
DA:435,0
DA:437,0
DA:438,0
DA:441,0
DA:442,0
DA:443,0
DA:444,0
DA:445,0
DA:451,0
DA:454,0
DA:456,0
DA:457,0
DA:461,0
DA:468,0
DA:477,0
DA:484,0
DA:493,0
DA:500,0
DA:501,0
DA:504,0
DA:505,0
DA:508,0
DA:510,0
DA:511,0
DA:515,0
DA:522,0
DA:523,0
DA:524,0
DA:534,0
DA:535,0
DA:538,0
DA:540,0
DA:541,0
DA:542,0
DA:544,0
DA:545,0
DA:547,0
DA:548,0
DA:553,0
DA:554,0
DA:555,0
DA:556,0
DA:561,0
DA:567,0
DA:568,0
DA:569,0
DA:573,0
DA:581,0
LF:213
LH:0
BRDA:10,0,0,0
BRDA:12,1,0,0
BRDA:13,2,0,0
BRDA:14,3,0,0
BRDA:15,4,0,0
BRDA:30,5,0,0
BRDA:30,5,1,0
BRDA:31,6,0,0
BRDA:31,6,1,0
BRDA:40,7,0,0
BRDA:40,7,1,0
BRDA:40,8,0,0
BRDA:40,8,1,0
BRDA:40,8,2,0
BRDA:40,8,3,0
BRDA:47,9,0,0
BRDA:47,9,1,0
BRDA:47,10,0,0
BRDA:47,10,1,0
BRDA:47,10,2,0
BRDA:53,11,0,0
BRDA:53,11,1,0
BRDA:58,12,0,0
BRDA:58,12,1,0
BRDA:70,13,0,0
BRDA:70,13,1,0
BRDA:70,14,0,0
BRDA:70,14,1,0
BRDA:86,15,0,0
BRDA:87,16,0,0
BRDA:89,17,0,0
BRDA:89,17,1,0
BRDA:89,17,2,0
BRDA:89,17,3,0
BRDA:89,17,4,0
BRDA:89,17,5,0
BRDA:89,17,6,0
BRDA:116,18,0,0
BRDA:117,19,0,0
BRDA:122,20,0,0
BRDA:122,20,1,0
BRDA:122,21,0,0
BRDA:122,21,1,0
BRDA:127,22,0,0
BRDA:127,22,1,0
BRDA:129,23,0,0
BRDA:129,23,1,0
BRDA:135,24,0,0
BRDA:135,24,1,0
BRDA:135,25,0,0
BRDA:135,25,1,0
BRDA:148,26,0,0
BRDA:148,26,1,0
BRDA:150,27,0,0
BRDA:150,27,1,0
BRDA:158,28,0,0
BRDA:158,28,1,0
BRDA:163,29,0,0
BRDA:163,29,1,0
BRDA:163,30,0,0
BRDA:163,30,1,0
BRDA:167,31,0,0
BRDA:167,31,1,0
BRDA:167,32,0,0
BRDA:167,32,1,0
BRDA:172,33,0,0
BRDA:172,33,1,0
BRDA:185,34,0,0
BRDA:185,34,1,0
BRDA:187,35,0,0
BRDA:187,35,1,0
BRDA:187,36,0,0
BRDA:187,36,1,0
BRDA:193,37,0,0
BRDA:193,37,1,0
BRDA:198,38,0,0
BRDA:198,38,1,0
BRDA:200,39,0,0
BRDA:200,39,1,0
BRDA:205,40,0,0
BRDA:205,40,1,0
BRDA:207,41,0,0
BRDA:207,41,1,0
BRDA:219,42,0,0
BRDA:219,42,1,0
BRDA:223,43,0,0
BRDA:223,43,1,0
BRDA:225,44,0,0
BRDA:225,44,1,0
BRDA:228,45,0,0
BRDA:228,45,1,0
BRDA:233,46,0,0
BRDA:233,46,1,0
BRDA:246,47,0,0
BRDA:246,47,1,0
BRDA:248,48,0,0
BRDA:248,48,1,0
BRDA:252,49,0,0
BRDA:252,49,1,0
BRDA:265,50,0,0
BRDA:265,50,1,0
BRDA:265,51,0,0
BRDA:265,51,1,0
BRDA:269,52,0,0
BRDA:269,52,1,0
BRDA:269,53,0,0
BRDA:269,53,1,0
BRDA:274,54,0,0
BRDA:274,54,1,0
BRDA:297,55,0,0
BRDA:297,55,1,0
BRDA:297,56,0,0
BRDA:297,56,1,0
BRDA:297,56,2,0
BRDA:299,57,0,0
BRDA:299,57,1,0
BRDA:302,58,0,0
BRDA:302,58,1,0
BRDA:302,59,0,0
BRDA:302,59,1,0
BRDA:302,59,2,0
BRDA:313,60,0,0
BRDA:313,60,1,0
BRDA:315,61,0,0
BRDA:315,61,1,0
BRDA:322,62,0,0
BRDA:322,62,1,0
BRDA:324,63,0,0
BRDA:324,63,1,0
BRDA:348,64,0,0
BRDA:348,64,1,0
BRDA:348,65,0,0
BRDA:348,65,1,0
BRDA:350,66,0,0
BRDA:350,66,1,0
BRDA:353,67,0,0
BRDA:353,67,1,0
BRDA:360,68,0,0
BRDA:360,68,1,0
BRDA:360,69,0,0
BRDA:360,69,1,0
BRDA:369,70,0,0
BRDA:369,70,1,0
BRDA:371,71,0,0
BRDA:371,71,1,0
BRDA:371,72,0,0
BRDA:371,72,1,0
BRDA:381,73,0,0
BRDA:381,73,1,0
BRDA:381,74,0,0
BRDA:381,74,1,0
BRDA:418,75,0,0
BRDA:418,75,1,0
BRDA:418,75,2,0
BRDA:418,75,3,0
BRDA:420,76,0,0
BRDA:420,76,1,0
BRDA:421,77,0,0
BRDA:421,77,1,0
BRDA:422,78,0,0
BRDA:422,78,1,0
BRDA:423,79,0,0
BRDA:423,79,1,0
BRDA:427,80,0,0
BRDA:427,80,1,0
BRDA:428,81,0,0
BRDA:428,81,1,0
BRDA:432,82,0,0
BRDA:432,82,1,0
BRDA:433,83,0,0
BRDA:433,83,1,0
BRDA:434,84,0,0
BRDA:434,84,1,0
BRDA:437,85,0,0
BRDA:437,85,1,0
BRDA:441,86,0,0
BRDA:441,86,1,0
BRDA:442,87,0,0
BRDA:442,87,1,0
BRDA:456,88,0,0
BRDA:456,88,1,0
BRDA:477,89,0,0
BRDA:477,89,1,0
BRDA:508,90,0,0
BRDA:508,90,1,0
BRDA:524,91,0,0
BRDA:524,91,1,0
BRDA:524,91,2,0
BRDA:544,92,0,0
BRDA:544,92,1,0
BRDA:545,93,0,0
BRDA:545,93,1,0
BRDA:547,94,0,0
BRDA:547,94,1,0
BRDA:553,95,0,0
BRDA:553,95,1,0
BRDA:555,96,0,0
BRDA:555,96,1,0
BRDA:568,97,0,0
BRDA:568,97,1,0
BRF:200
BRH:0
end_of_record
TN:
SF:src\services\deviceService.js
FN:12,(anonymous_0)
FN:41,(anonymous_1)
FN:52,(anonymous_2)
FN:62,(anonymous_3)
FN:89,(anonymous_4)
FN:102,(anonymous_5)
FN:123,(anonymous_6)
FN:146,(anonymous_7)
FN:206,(anonymous_8)
FN:224,(anonymous_9)
FNF:10
FNH:10
FNDA:25,(anonymous_0)
FNDA:32,(anonymous_1)
FNDA:8,(anonymous_2)
FNDA:9,(anonymous_3)
FNDA:2,(anonymous_4)
FNDA:4,(anonymous_5)
FNDA:6,(anonymous_6)
FNDA:8,(anonymous_7)
FNDA:4,(anonymous_8)
FNDA:11,(anonymous_9)
DA:6,1
DA:13,25
DA:16,25
DA:17,22
DA:18,4
DA:19,18
DA:20,1
DA:21,17
DA:22,1
DA:23,16
DA:24,1
DA:25,15
DA:26,2
DA:31,25
DA:32,9
DA:33,1
DA:34,8
DA:35,1
DA:40,25
DA:41,32
DA:42,25
DA:43,1
DA:46,25
DA:53,8
DA:54,8
DA:55,8
DA:56,8
DA:65,9
DA:67,3
DA:68,3
DA:69,6
DA:71,2
DA:72,2
DA:73,4
DA:75,1
DA:76,1
DA:79,3
DA:80,3
DA:83,9
DA:84,9
DA:90,2
DA:91,2
DA:92,1
DA:94,1
DA:95,1
DA:104,4
DA:105,1
DA:108,3
DA:109,3
DA:110,2
DA:111,1
DA:113,1
DA:115,1
DA:116,1
DA:125,6
DA:126,6
DA:127,2
DA:130,4
DA:131,4
DA:132,4
DA:136,2
DA:138,2
DA:139,2
DA:148,8
DA:149,1
DA:153,7
DA:154,7
DA:155,1
DA:158,6
DA:160,6
DA:161,6
DA:162,6
DA:164,6
DA:165,4
DA:166,4
DA:167,4
DA:170,6
DA:171,2
DA:172,2
DA:173,2
DA:176,6
DA:177,1
DA:181,5
DA:184,5
DA:185,5
DA:187,5
DA:189,4
DA:190,1
DA:193,3
DA:195,2
DA:196,2
DA:197,1
DA:199,1
DA:208,4
DA:209,1
DA:212,3
DA:213,3
DA:214,2
DA:216,1
DA:217,1
DA:225,11
DA:227,9
DA:237,1
LF:103
LH:103
BRDA:12,0,0,17
BRDA:16,1,0,22
BRDA:16,1,1,3
BRDA:16,2,0,25
BRDA:16,2,1,8
BRDA:17,3,0,4
BRDA:17,3,1,18
BRDA:19,4,0,1
BRDA:19,4,1,17
BRDA:21,5,0,1
BRDA:21,5,1,16
BRDA:23,6,0,1
BRDA:23,6,1,15
BRDA:25,7,0,2
BRDA:25,7,1,13
BRDA:31,8,0,9
BRDA:31,8,1,16
BRDA:31,9,0,25
BRDA:31,9,1,10
BRDA:32,10,0,1
BRDA:32,10,1,8
BRDA:34,11,0,1
BRDA:34,11,1,7
BRDA:42,12,0,1
BRDA:42,12,1,24
BRDA:65,13,0,3
BRDA:65,13,1,6
BRDA:69,14,0,2
BRDA:69,14,1,4
BRDA:73,15,0,1
BRDA:73,15,1,3
BRDA:104,16,0,1
BRDA:104,16,1,3
BRDA:110,17,0,1
BRDA:110,17,1,1
BRDA:126,18,0,2
BRDA:126,18,1,4
BRDA:134,19,0,4
BRDA:134,19,1,3
BRDA:148,20,0,1
BRDA:148,20,1,7
BRDA:154,21,0,1
BRDA:154,21,1,6
BRDA:164,22,0,4
BRDA:164,22,1,2
BRDA:170,23,0,2
BRDA:170,23,1,4
BRDA:172,24,0,2
BRDA:172,24,1,0
BRDA:176,25,0,1
BRDA:176,25,1,5
BRDA:189,26,0,1
BRDA:189,26,1,3
BRDA:196,27,0,1
BRDA:196,27,1,1
BRDA:208,28,0,1
BRDA:208,28,1,3
BRDA:225,29,0,2
BRDA:225,29,1,9
BRF:59
BRH:58
end_of_record
TN:
SF:src\services\modbusService.js
FN:4,(anonymous_0)
FN:15,(anonymous_1)
FN:43,(anonymous_2)
FN:121,(anonymous_3)
FN:155,(anonymous_4)
FN:187,(anonymous_5)
FN:203,(anonymous_6)
FN:220,(anonymous_7)
FN:237,(anonymous_8)
FN:243,(anonymous_9)
FNF:10
FNH:0
FNDA:0,(anonymous_0)
FNDA:0,(anonymous_1)
FNDA:0,(anonymous_2)
FNDA:0,(anonymous_3)
FNDA:0,(anonymous_4)
FNDA:0,(anonymous_5)
FNDA:0,(anonymous_6)
FNDA:0,(anonymous_7)
FNDA:0,(anonymous_8)
FNDA:0,(anonymous_9)
DA:1,0
DA:5,0
DA:16,0
DA:17,0
DA:18,0
DA:19,0
DA:20,0
DA:23,0
DA:24,0
DA:25,0
DA:26,0
DA:27,0
DA:28,0
DA:29,0
DA:30,0
DA:32,0
DA:33,0
DA:103,0
DA:106,0
DA:107,0
DA:108,0
DA:109,0
DA:111,0
DA:112,0
DA:113,0
DA:114,0
DA:115,0
DA:116,0
DA:117,0
DA:118,0
DA:119,0
DA:121,0
DA:124,0
DA:125,0
DA:128,0
DA:129,0
DA:136,0
DA:137,0
DA:156,0
DA:159,0
DA:160,0
DA:161,0
DA:163,0
DA:170,0
DA:189,0
DA:190,0
DA:192,0
DA:193,0
DA:195,0
DA:196,0
DA:204,0
DA:205,0
DA:206,0
DA:208,0
DA:211,0
DA:221,0
DA:222,0
DA:223,0
DA:224,0
DA:225,0
DA:227,0
DA:234,0
DA:237,0
DA:238,0
DA:239,0
DA:240,0
DA:243,0
DA:244,0
DA:245,0
DA:246,0
DA:249,0
LF:71
LH:0
BRDA:15,0,0,0
BRDA:15,1,0,0
BRDA:18,2,0,0
BRDA:18,2,1,0
BRDA:43,3,0,0
BRDA:45,4,0,0
BRDA:46,5,0,0
BRDA:47,6,0,0
BRDA:116,7,0,0
BRDA:116,7,1,0
BRDA:118,8,0,0
BRDA:118,8,1,0
BRDA:155,9,0,0
BRDA:156,10,0,0
BRDA:156,11,0,0
BRDA:187,12,0,0
BRDA:187,13,0,0
BRDA:220,14,0,0
BRDA:220,15,0,0
BRDA:222,16,0,0
BRDA:222,16,1,0
BRF:21
BRH:0
end_of_record
TN:
SF:src\services\settingsService.js
FN:12,(anonymous_0)
FN:31,(anonymous_1)
FN:53,(anonymous_2)
FN:91,(anonymous_3)
FN:95,(anonymous_4)
FN:114,(anonymous_5)
FN:118,(anonymous_6)
FN:138,(anonymous_7)
FN:188,(anonymous_8)
FNF:9
FNH:0
FNDA:0,(anonymous_0)
FNDA:0,(anonymous_1)
FNDA:0,(anonymous_2)
FNDA:0,(anonymous_3)
FNDA:0,(anonymous_4)
FNDA:0,(anonymous_5)
FNDA:0,(anonymous_6)
FNDA:0,(anonymous_7)
FNDA:0,(anonymous_8)
DA:6,0
DA:13,0
DA:14,0
DA:16,0
DA:18,0
DA:21,0
DA:23,0
DA:24,0
DA:32,0
DA:34,0
DA:36,0
DA:38,0
DA:41,0
DA:42,0
DA:45,0
DA:46,0
DA:54,0
DA:85,0
DA:92,0
DA:93,0
DA:94,0
DA:95,0
DA:97,0
DA:103,0
DA:104,0
DA:106,0
DA:107,0
DA:115,0
DA:116,0
DA:117,0
DA:118,0
DA:120,0
DA:127,0
DA:128,0
DA:130,0
DA:131,0
DA:139,0
DA:141,0
DA:189,0
DA:191,0
DA:194,0
DA:195,0
DA:196,0
DA:197,0
DA:198,0
DA:199,0
DA:202,0
DA:203,0
DA:204,0
DA:205,0
DA:208,0
DA:209,0
DA:210,0
DA:211,0
DA:212,0
DA:216,0
DA:217,0
DA:220,0
DA:224,0
LF:59
LH:0
BRDA:16,0,0,0
BRDA:16,0,1,0
BRDA:36,1,0,0
BRDA:36,1,1,0
BRDA:139,2,0,0
BRDA:139,2,1,0
BRDA:162,3,0,0
BRDA:162,3,1,0
BRDA:177,4,0,0
BRDA:177,4,1,0
BRDA:191,5,0,0
BRDA:191,5,1,0
BRDA:194,6,0,0
BRDA:194,6,1,0
BRDA:195,7,0,0
BRDA:195,7,1,0
BRDA:196,8,0,0
BRDA:196,8,1,0
BRDA:197,9,0,0
BRDA:197,9,1,0
BRDA:198,10,0,0
BRDA:198,10,1,0
BRDA:199,11,0,0
BRDA:199,11,1,0
BRDA:202,12,0,0
BRDA:202,12,1,0
BRDA:203,13,0,0
BRDA:203,13,1,0
BRDA:204,14,0,0
BRDA:204,14,1,0
BRDA:205,15,0,0
BRDA:205,15,1,0
BRDA:208,16,0,0
BRDA:208,16,1,0
BRDA:209,17,0,0
BRDA:209,17,1,0
BRDA:210,18,0,0
BRDA:210,18,1,0
BRDA:211,19,0,0
BRDA:211,19,1,0
BRDA:216,20,0,0
BRDA:216,20,1,0
BRF:42
BRH:0
end_of_record
